00:08:39.644-[LAPTOP-93DPAS1G][dc19f4ef20554988a6a422eb546acdf0]--DEBUG 9848 --- [nio-8083-exec-5] c.t.d.m.DailyMapper.selectPage_mpCount   : ==>  Preparing: SELECT COUNT(*) FROM daily
00:08:39.653-[LAPTOP-93DPAS1G][dc19f4ef20554988a6a422eb546acdf0]--DEBUG 9848 --- [nio-8083-exec-5] c.t.d.m.DailyMapper.selectPage_mpCount   : ==> Parameters: 
00:08:39.656-[LAPTOP-93DPAS1G][dc19f4ef20554988a6a422eb546acdf0]--DEBUG 9848 --- [nio-8083-exec-5] c.t.d.m.DailyMapper.selectPage_mpCount   : <==      Total: 1
00:08:39.657-[LAPTOP-93DPAS1G][dc19f4ef20554988a6a422eb546acdf0]--DEBUG 9848 --- [nio-8083-exec-5] c.t.daily.mapper.DailyMapper.selectPage  : ==>  Preparing: SELECT id, date, datetype, ondutytime, offdutytime, username, name, rdmno1, rdmno2, rdmno3, worklength, note, create_time, update_time FROM daily ORDER BY create_time DESC LIMIT ?
00:08:39.657-[LAPTOP-93DPAS1G][dc19f4ef20554988a6a422eb546acdf0]--DEBUG 9848 --- [nio-8083-exec-5] c.t.daily.mapper.DailyMapper.selectPage  : ==> Parameters: 10(Long)
00:08:39.660-[LAPTOP-93DPAS1G][dc19f4ef20554988a6a422eb546acdf0]--DEBUG 9848 --- [nio-8083-exec-5] c.t.daily.mapper.DailyMapper.selectPage  : <==      Total: 3
00:08:43.582-[LAPTOP-93DPAS1G][117ade10603b44e080744fd7ac18a576]--DEBUG 9848 --- [nio-8083-exec-6] c.t.daily.mapper.DailyMapper.queryById   : ==>  Preparing: SELECT d.id,d.date,d.datetype,d.ondutytime,d.offdutytime,d.rdmno1,d.rdmno2,d.rdmno3,d.worklength FROM `daily` d WHERE d.id = ?
00:08:43.583-[LAPTOP-93DPAS1G][117ade10603b44e080744fd7ac18a576]--DEBUG 9848 --- [nio-8083-exec-6] c.t.daily.mapper.DailyMapper.queryById   : ==> Parameters: 28(Integer)
00:08:43.585-[LAPTOP-93DPAS1G][117ade10603b44e080744fd7ac18a576]--DEBUG 9848 --- [nio-8083-exec-6] c.t.daily.mapper.DailyMapper.queryById   : <==      Total: 1
00:08:46.189-[LAPTOP-93DPAS1G][fe70e47c392a4695a085f2515a7b9bab]--DEBUG 9848 --- [nio-8083-exec-7] c.t.daily.mapper.DailyMapper.queryById   : ==>  Preparing: SELECT d.id,d.date,d.datetype,d.ondutytime,d.offdutytime,d.rdmno1,d.rdmno2,d.rdmno3,d.worklength FROM `daily` d WHERE d.id = ?
00:08:46.190-[LAPTOP-93DPAS1G][fe70e47c392a4695a085f2515a7b9bab]--DEBUG 9848 --- [nio-8083-exec-7] c.t.daily.mapper.DailyMapper.queryById   : ==> Parameters: 27(Integer)
00:08:46.191-[LAPTOP-93DPAS1G][fe70e47c392a4695a085f2515a7b9bab]--DEBUG 9848 --- [nio-8083-exec-7] c.t.daily.mapper.DailyMapper.queryById   : <==      Total: 1
00:08:48.233-[LAPTOP-93DPAS1G][3d631729a335402096143f7e94343f04]--DEBUG 9848 --- [nio-8083-exec-8] c.t.daily.mapper.DailyMapper.queryById   : ==>  Preparing: SELECT d.id,d.date,d.datetype,d.ondutytime,d.offdutytime,d.rdmno1,d.rdmno2,d.rdmno3,d.worklength FROM `daily` d WHERE d.id = ?
00:08:48.234-[LAPTOP-93DPAS1G][3d631729a335402096143f7e94343f04]--DEBUG 9848 --- [nio-8083-exec-8] c.t.daily.mapper.DailyMapper.queryById   : ==> Parameters: 26(Integer)
00:08:48.235-[LAPTOP-93DPAS1G][3d631729a335402096143f7e94343f04]--DEBUG 9848 --- [nio-8083-exec-8] c.t.daily.mapper.DailyMapper.queryById   : <==      Total: 1
00:14:39.518-[LAPTOP-93DPAS1G][45dc3933cceb409a98936ed2d53e8e1e]--DEBUG 9848 --- [nio-8083-exec-1] c.t.d.m.DailyMapper.selectPage_mpCount   : ==>  Preparing: SELECT COUNT(*) FROM daily
00:14:39.518-[LAPTOP-93DPAS1G][45dc3933cceb409a98936ed2d53e8e1e]--DEBUG 9848 --- [nio-8083-exec-1] c.t.d.m.DailyMapper.selectPage_mpCount   : ==> Parameters: 
00:14:39.520-[LAPTOP-93DPAS1G][45dc3933cceb409a98936ed2d53e8e1e]--DEBUG 9848 --- [nio-8083-exec-1] c.t.d.m.DailyMapper.selectPage_mpCount   : <==      Total: 1
00:14:39.521-[LAPTOP-93DPAS1G][45dc3933cceb409a98936ed2d53e8e1e]--DEBUG 9848 --- [nio-8083-exec-1] c.t.daily.mapper.DailyMapper.selectPage  : ==>  Preparing: SELECT id, date, datetype, ondutytime, offdutytime, username, name, rdmno1, rdmno2, rdmno3, worklength, note, create_time, update_time FROM daily ORDER BY create_time DESC LIMIT ?
00:14:39.521-[LAPTOP-93DPAS1G][45dc3933cceb409a98936ed2d53e8e1e]--DEBUG 9848 --- [nio-8083-exec-1] c.t.daily.mapper.DailyMapper.selectPage  : ==> Parameters: 10(Long)
00:14:39.523-[LAPTOP-93DPAS1G][45dc3933cceb409a98936ed2d53e8e1e]--DEBUG 9848 --- [nio-8083-exec-1] c.t.daily.mapper.DailyMapper.selectPage  : <==      Total: 3
00:14:41.227-[LAPTOP-93DPAS1G][db8ddfa69aad494cbbe3f7a079581a7d]--DEBUG 9848 --- [nio-8083-exec-2] c.t.daily.mapper.DailyMapper.queryById   : ==>  Preparing: SELECT d.id,d.date,d.datetype,d.ondutytime,d.offdutytime,d.rdmno1,d.rdmno2,d.rdmno3,d.worklength FROM `daily` d WHERE d.id = ?
00:14:41.228-[LAPTOP-93DPAS1G][db8ddfa69aad494cbbe3f7a079581a7d]--DEBUG 9848 --- [nio-8083-exec-2] c.t.daily.mapper.DailyMapper.queryById   : ==> Parameters: 28(Integer)
00:14:41.229-[LAPTOP-93DPAS1G][db8ddfa69aad494cbbe3f7a079581a7d]--DEBUG 9848 --- [nio-8083-exec-2] c.t.daily.mapper.DailyMapper.queryById   : <==      Total: 1
00:16:34.896-[LAPTOP-93DPAS1G][7d7d5b2ede424f589864155da67d2863]--DEBUG 9848 --- [nio-8083-exec-4] c.t.d.m.DailyMapper.selectPage_mpCount   : ==>  Preparing: SELECT COUNT(*) FROM daily
00:16:34.897-[LAPTOP-93DPAS1G][7d7d5b2ede424f589864155da67d2863]--DEBUG 9848 --- [nio-8083-exec-4] c.t.d.m.DailyMapper.selectPage_mpCount   : ==> Parameters: 
00:16:34.899-[LAPTOP-93DPAS1G][7d7d5b2ede424f589864155da67d2863]--DEBUG 9848 --- [nio-8083-exec-4] c.t.d.m.DailyMapper.selectPage_mpCount   : <==      Total: 1
00:16:34.900-[LAPTOP-93DPAS1G][7d7d5b2ede424f589864155da67d2863]--DEBUG 9848 --- [nio-8083-exec-4] c.t.daily.mapper.DailyMapper.selectPage  : ==>  Preparing: SELECT id, date, datetype, ondutytime, offdutytime, username, name, rdmno1, rdmno2, rdmno3, worklength, note, create_time, update_time FROM daily ORDER BY create_time DESC LIMIT ?
00:16:34.900-[LAPTOP-93DPAS1G][7d7d5b2ede424f589864155da67d2863]--DEBUG 9848 --- [nio-8083-exec-4] c.t.daily.mapper.DailyMapper.selectPage  : ==> Parameters: 10(Long)
00:16:34.902-[LAPTOP-93DPAS1G][7d7d5b2ede424f589864155da67d2863]--DEBUG 9848 --- [nio-8083-exec-4] c.t.daily.mapper.DailyMapper.selectPage  : <==      Total: 3
00:16:45.656-[LAPTOP-93DPAS1G][21c60ddfc0c345c4a40f3d73223d6c9c]--DEBUG 9848 --- [nio-8083-exec-5] c.t.daily.mapper.DailyMapper.queryById   : ==>  Preparing: SELECT d.id,d.date,d.datetype,d.ondutytime,d.offdutytime,d.rdmno1,d.rdmno2,d.rdmno3,d.worklength FROM `daily` d WHERE d.id = ?
00:16:45.656-[LAPTOP-93DPAS1G][21c60ddfc0c345c4a40f3d73223d6c9c]--DEBUG 9848 --- [nio-8083-exec-5] c.t.daily.mapper.DailyMapper.queryById   : ==> Parameters: 28(Integer)
00:16:45.658-[LAPTOP-93DPAS1G][21c60ddfc0c345c4a40f3d73223d6c9c]--DEBUG 9848 --- [nio-8083-exec-5] c.t.daily.mapper.DailyMapper.queryById   : <==      Total: 1
00:17:03.882-[LAPTOP-93DPAS1G][dfb8aa2110714da0b306c9dcdbc1cb6c]--DEBUG 9848 --- [nio-8083-exec-6] c.t.d.m.DailyMapper.selectPage_mpCount   : ==>  Preparing: SELECT COUNT(*) FROM daily
00:17:03.882-[LAPTOP-93DPAS1G][dfb8aa2110714da0b306c9dcdbc1cb6c]--DEBUG 9848 --- [nio-8083-exec-6] c.t.d.m.DailyMapper.selectPage_mpCount   : ==> Parameters: 
00:17:03.884-[LAPTOP-93DPAS1G][dfb8aa2110714da0b306c9dcdbc1cb6c]--DEBUG 9848 --- [nio-8083-exec-6] c.t.d.m.DailyMapper.selectPage_mpCount   : <==      Total: 1
00:17:03.886-[LAPTOP-93DPAS1G][dfb8aa2110714da0b306c9dcdbc1cb6c]--DEBUG 9848 --- [nio-8083-exec-6] c.t.daily.mapper.DailyMapper.selectPage  : ==>  Preparing: SELECT id, date, datetype, ondutytime, offdutytime, username, name, rdmno1, rdmno2, rdmno3, worklength, note, create_time, update_time FROM daily ORDER BY create_time DESC LIMIT ?
00:17:03.886-[LAPTOP-93DPAS1G][dfb8aa2110714da0b306c9dcdbc1cb6c]--DEBUG 9848 --- [nio-8083-exec-6] c.t.daily.mapper.DailyMapper.selectPage  : ==> Parameters: 10(Long)
00:17:03.888-[LAPTOP-93DPAS1G][dfb8aa2110714da0b306c9dcdbc1cb6c]--DEBUG 9848 --- [nio-8083-exec-6] c.t.daily.mapper.DailyMapper.selectPage  : <==      Total: 3
00:21:35.365-[LAPTOP-93DPAS1G][11ed8c5b79484b29acbcb1d8212c6d10]--DEBUG 9848 --- [io-8083-exec-10] c.t.d.m.DailyMapper.selectPage_mpCount   : ==>  Preparing: SELECT COUNT(*) FROM daily
00:21:35.365-[LAPTOP-93DPAS1G][11ed8c5b79484b29acbcb1d8212c6d10]--DEBUG 9848 --- [io-8083-exec-10] c.t.d.m.DailyMapper.selectPage_mpCount   : ==> Parameters: 
00:21:35.367-[LAPTOP-93DPAS1G][11ed8c5b79484b29acbcb1d8212c6d10]--DEBUG 9848 --- [io-8083-exec-10] c.t.d.m.DailyMapper.selectPage_mpCount   : <==      Total: 1
00:21:35.368-[LAPTOP-93DPAS1G][11ed8c5b79484b29acbcb1d8212c6d10]--DEBUG 9848 --- [io-8083-exec-10] c.t.daily.mapper.DailyMapper.selectPage  : ==>  Preparing: SELECT id, date, datetype, ondutytime, offdutytime, username, name, rdmno1, rdmno2, rdmno3, worklength, note, create_time, update_time FROM daily ORDER BY create_time DESC LIMIT ?
00:21:35.368-[LAPTOP-93DPAS1G][11ed8c5b79484b29acbcb1d8212c6d10]--DEBUG 9848 --- [io-8083-exec-10] c.t.daily.mapper.DailyMapper.selectPage  : ==> Parameters: 10(Long)
00:21:35.370-[LAPTOP-93DPAS1G][11ed8c5b79484b29acbcb1d8212c6d10]--DEBUG 9848 --- [io-8083-exec-10] c.t.daily.mapper.DailyMapper.selectPage  : <==      Total: 3
00:21:39.618-[LAPTOP-93DPAS1G][35434cc1c5ef4904bffd24b386f87f5a]--DEBUG 9848 --- [nio-8083-exec-1] c.t.daily.mapper.DailyMapper.queryById   : ==>  Preparing: SELECT d.id,d.date,d.datetype,d.ondutytime,d.offdutytime,d.rdmno1,d.rdmno2,d.rdmno3,d.worklength FROM `daily` d WHERE d.id = ?
00:21:39.618-[LAPTOP-93DPAS1G][35434cc1c5ef4904bffd24b386f87f5a]--DEBUG 9848 --- [nio-8083-exec-1] c.t.daily.mapper.DailyMapper.queryById   : ==> Parameters: 28(Integer)
00:21:39.620-[LAPTOP-93DPAS1G][35434cc1c5ef4904bffd24b386f87f5a]--DEBUG 9848 --- [nio-8083-exec-1] c.t.daily.mapper.DailyMapper.queryById   : <==      Total: 1
00:21:55.589-[LAPTOP-93DPAS1G][76d10e96a34e4eb484c4935ac7c60bb2]--DEBUG 9848 --- [nio-8083-exec-2] c.t.daily.mapper.DailyMapper.queryById   : ==>  Preparing: SELECT d.id,d.date,d.datetype,d.ondutytime,d.offdutytime,d.rdmno1,d.rdmno2,d.rdmno3,d.worklength FROM `daily` d WHERE d.id = ?
00:21:55.590-[LAPTOP-93DPAS1G][76d10e96a34e4eb484c4935ac7c60bb2]--DEBUG 9848 --- [nio-8083-exec-2] c.t.daily.mapper.DailyMapper.queryById   : ==> Parameters: 28(Integer)
00:21:55.593-[LAPTOP-93DPAS1G][76d10e96a34e4eb484c4935ac7c60bb2]--DEBUG 9848 --- [nio-8083-exec-2] c.t.daily.mapper.DailyMapper.queryById   : <==      Total: 1
00:21:57.625-[LAPTOP-93DPAS1G][35666c6b253c44c4babbf430eace20da]--DEBUG 9848 --- [nio-8083-exec-3] c.t.daily.mapper.DailyMapper.queryById   : ==>  Preparing: SELECT d.id,d.date,d.datetype,d.ondutytime,d.offdutytime,d.rdmno1,d.rdmno2,d.rdmno3,d.worklength FROM `daily` d WHERE d.id = ?
00:21:57.625-[LAPTOP-93DPAS1G][35666c6b253c44c4babbf430eace20da]--DEBUG 9848 --- [nio-8083-exec-3] c.t.daily.mapper.DailyMapper.queryById   : ==> Parameters: 27(Integer)
00:21:57.626-[LAPTOP-93DPAS1G][35666c6b253c44c4babbf430eace20da]--DEBUG 9848 --- [nio-8083-exec-3] c.t.daily.mapper.DailyMapper.queryById   : <==      Total: 1
00:22:21.354-[LAPTOP-93DPAS1G][c1de75f718134943a7393dec850cc413]--DEBUG 9848 --- [nio-8083-exec-4] c.t.d.m.DailyMapper.selectPage_mpCount   : ==>  Preparing: SELECT COUNT(*) FROM daily
00:22:21.355-[LAPTOP-93DPAS1G][c1de75f718134943a7393dec850cc413]--DEBUG 9848 --- [nio-8083-exec-4] c.t.d.m.DailyMapper.selectPage_mpCount   : ==> Parameters: 
00:22:21.356-[LAPTOP-93DPAS1G][c1de75f718134943a7393dec850cc413]--DEBUG 9848 --- [nio-8083-exec-4] c.t.d.m.DailyMapper.selectPage_mpCount   : <==      Total: 1
00:22:21.358-[LAPTOP-93DPAS1G][c1de75f718134943a7393dec850cc413]--DEBUG 9848 --- [nio-8083-exec-4] c.t.daily.mapper.DailyMapper.selectPage  : ==>  Preparing: SELECT id, date, datetype, ondutytime, offdutytime, username, name, rdmno1, rdmno2, rdmno3, worklength, note, create_time, update_time FROM daily ORDER BY create_time DESC LIMIT ?
00:22:21.358-[LAPTOP-93DPAS1G][c1de75f718134943a7393dec850cc413]--DEBUG 9848 --- [nio-8083-exec-4] c.t.daily.mapper.DailyMapper.selectPage  : ==> Parameters: 10(Long)
00:22:21.360-[LAPTOP-93DPAS1G][c1de75f718134943a7393dec850cc413]--DEBUG 9848 --- [nio-8083-exec-4] c.t.daily.mapper.DailyMapper.selectPage  : <==      Total: 3
00:24:40.450-[LAPTOP-93DPAS1G][26fb1731c28f44d08048f0f0c8e4a977]--DEBUG 9848 --- [nio-8083-exec-6] c.t.d.m.DailyMapper.selectPage_mpCount   : ==>  Preparing: SELECT COUNT(*) FROM daily
00:24:40.450-[LAPTOP-93DPAS1G][26fb1731c28f44d08048f0f0c8e4a977]--DEBUG 9848 --- [nio-8083-exec-6] c.t.d.m.DailyMapper.selectPage_mpCount   : ==> Parameters: 
00:24:40.453-[LAPTOP-93DPAS1G][26fb1731c28f44d08048f0f0c8e4a977]--DEBUG 9848 --- [nio-8083-exec-6] c.t.d.m.DailyMapper.selectPage_mpCount   : <==      Total: 1
00:24:40.455-[LAPTOP-93DPAS1G][26fb1731c28f44d08048f0f0c8e4a977]--DEBUG 9848 --- [nio-8083-exec-6] c.t.daily.mapper.DailyMapper.selectPage  : ==>  Preparing: SELECT id, date, datetype, ondutytime, offdutytime, username, name, rdmno1, rdmno2, rdmno3, worklength, note, create_time, update_time FROM daily ORDER BY create_time DESC LIMIT ?
00:24:40.455-[LAPTOP-93DPAS1G][26fb1731c28f44d08048f0f0c8e4a977]--DEBUG 9848 --- [nio-8083-exec-6] c.t.daily.mapper.DailyMapper.selectPage  : ==> Parameters: 10(Long)
00:24:40.457-[LAPTOP-93DPAS1G][26fb1731c28f44d08048f0f0c8e4a977]--DEBUG 9848 --- [nio-8083-exec-6] c.t.daily.mapper.DailyMapper.selectPage  : <==      Total: 3
00:26:37.802-[LAPTOP-93DPAS1G][488d906a04c749e099ef6d8c8d7f303c]--DEBUG 9848 --- [nio-8083-exec-9] c.t.d.m.DailyMapper.selectPage_mpCount   : ==>  Preparing: SELECT COUNT(*) FROM daily
00:26:37.802-[LAPTOP-93DPAS1G][488d906a04c749e099ef6d8c8d7f303c]--DEBUG 9848 --- [nio-8083-exec-9] c.t.d.m.DailyMapper.selectPage_mpCount   : ==> Parameters: 
00:26:37.804-[LAPTOP-93DPAS1G][488d906a04c749e099ef6d8c8d7f303c]--DEBUG 9848 --- [nio-8083-exec-9] c.t.d.m.DailyMapper.selectPage_mpCount   : <==      Total: 1
00:26:37.804-[LAPTOP-93DPAS1G][488d906a04c749e099ef6d8c8d7f303c]--DEBUG 9848 --- [nio-8083-exec-9] c.t.daily.mapper.DailyMapper.selectPage  : ==>  Preparing: SELECT id, date, datetype, ondutytime, offdutytime, username, name, rdmno1, rdmno2, rdmno3, worklength, note, create_time, update_time FROM daily ORDER BY create_time DESC LIMIT ?
00:26:37.805-[LAPTOP-93DPAS1G][488d906a04c749e099ef6d8c8d7f303c]--DEBUG 9848 --- [nio-8083-exec-9] c.t.daily.mapper.DailyMapper.selectPage  : ==> Parameters: 10(Long)
00:26:37.807-[LAPTOP-93DPAS1G][488d906a04c749e099ef6d8c8d7f303c]--DEBUG 9848 --- [nio-8083-exec-9] c.t.daily.mapper.DailyMapper.selectPage  : <==      Total: 3
00:27:45.380-[LAPTOP-93DPAS1G][637e4d3109ac4c62856d4f368445f5ab]--DEBUG 9848 --- [nio-8083-exec-1] c.t.d.m.DailyMapper.selectPage_mpCount   : ==>  Preparing: SELECT COUNT(*) FROM daily
00:27:45.380-[LAPTOP-93DPAS1G][637e4d3109ac4c62856d4f368445f5ab]--DEBUG 9848 --- [nio-8083-exec-1] c.t.d.m.DailyMapper.selectPage_mpCount   : ==> Parameters: 
00:27:45.382-[LAPTOP-93DPAS1G][637e4d3109ac4c62856d4f368445f5ab]--DEBUG 9848 --- [nio-8083-exec-1] c.t.d.m.DailyMapper.selectPage_mpCount   : <==      Total: 1
00:27:45.383-[LAPTOP-93DPAS1G][637e4d3109ac4c62856d4f368445f5ab]--DEBUG 9848 --- [nio-8083-exec-1] c.t.daily.mapper.DailyMapper.selectPage  : ==>  Preparing: SELECT id, date, datetype, ondutytime, offdutytime, username, name, rdmno1, rdmno2, rdmno3, worklength, note, create_time, update_time FROM daily ORDER BY create_time DESC LIMIT ?
00:27:45.383-[LAPTOP-93DPAS1G][637e4d3109ac4c62856d4f368445f5ab]--DEBUG 9848 --- [nio-8083-exec-1] c.t.daily.mapper.DailyMapper.selectPage  : ==> Parameters: 10(Long)
00:27:45.385-[LAPTOP-93DPAS1G][637e4d3109ac4c62856d4f368445f5ab]--DEBUG 9848 --- [nio-8083-exec-1] c.t.daily.mapper.DailyMapper.selectPage  : <==      Total: 3
00:29:03.456-[LAPTOP-93DPAS1G][4653b7c4cb22453a8d198a691cbba512]--DEBUG 9848 --- [nio-8083-exec-3] c.t.d.m.DailyMapper.selectPage_mpCount   : ==>  Preparing: SELECT COUNT(*) FROM daily
00:29:03.456-[LAPTOP-93DPAS1G][4653b7c4cb22453a8d198a691cbba512]--DEBUG 9848 --- [nio-8083-exec-3] c.t.d.m.DailyMapper.selectPage_mpCount   : ==> Parameters: 
00:29:03.458-[LAPTOP-93DPAS1G][4653b7c4cb22453a8d198a691cbba512]--DEBUG 9848 --- [nio-8083-exec-3] c.t.d.m.DailyMapper.selectPage_mpCount   : <==      Total: 1
00:29:03.460-[LAPTOP-93DPAS1G][4653b7c4cb22453a8d198a691cbba512]--DEBUG 9848 --- [nio-8083-exec-3] c.t.daily.mapper.DailyMapper.selectPage  : ==>  Preparing: SELECT id, date, datetype, ondutytime, offdutytime, username, name, rdmno1, rdmno2, rdmno3, worklength, note, create_time, update_time FROM daily ORDER BY create_time DESC LIMIT ?
00:29:03.460-[LAPTOP-93DPAS1G][4653b7c4cb22453a8d198a691cbba512]--DEBUG 9848 --- [nio-8083-exec-3] c.t.daily.mapper.DailyMapper.selectPage  : ==> Parameters: 10(Long)
00:29:03.461-[LAPTOP-93DPAS1G][4653b7c4cb22453a8d198a691cbba512]--DEBUG 9848 --- [nio-8083-exec-3] c.t.daily.mapper.DailyMapper.selectPage  : <==      Total: 3
00:29:24.398-[LAPTOP-93DPAS1G][fb625c3035f2482a8d312f3088a1c46b]--DEBUG 9848 --- [nio-8083-exec-4] c.t.d.m.DailyMapper.selectPage_mpCount   : ==>  Preparing: SELECT COUNT(*) FROM daily
00:29:24.398-[LAPTOP-93DPAS1G][fb625c3035f2482a8d312f3088a1c46b]--DEBUG 9848 --- [nio-8083-exec-4] c.t.d.m.DailyMapper.selectPage_mpCount   : ==> Parameters: 
00:29:24.400-[LAPTOP-93DPAS1G][fb625c3035f2482a8d312f3088a1c46b]--DEBUG 9848 --- [nio-8083-exec-4] c.t.d.m.DailyMapper.selectPage_mpCount   : <==      Total: 1
00:29:24.401-[LAPTOP-93DPAS1G][fb625c3035f2482a8d312f3088a1c46b]--DEBUG 9848 --- [nio-8083-exec-4] c.t.daily.mapper.DailyMapper.selectPage  : ==>  Preparing: SELECT id, date, datetype, ondutytime, offdutytime, username, name, rdmno1, rdmno2, rdmno3, worklength, note, create_time, update_time FROM daily ORDER BY create_time DESC LIMIT ?
00:29:24.402-[LAPTOP-93DPAS1G][fb625c3035f2482a8d312f3088a1c46b]--DEBUG 9848 --- [nio-8083-exec-4] c.t.daily.mapper.DailyMapper.selectPage  : ==> Parameters: 10(Long)
00:29:24.404-[LAPTOP-93DPAS1G][fb625c3035f2482a8d312f3088a1c46b]--DEBUG 9848 --- [nio-8083-exec-4] c.t.daily.mapper.DailyMapper.selectPage  : <==      Total: 3
00:30:11.430-[LAPTOP-93DPAS1G][da0945f91615459fb00ec13f888bd866]--DEBUG 9848 --- [nio-8083-exec-5] c.t.d.m.DailyMapper.selectPage_mpCount   : ==>  Preparing: SELECT COUNT(*) FROM daily
00:30:11.430-[LAPTOP-93DPAS1G][da0945f91615459fb00ec13f888bd866]--DEBUG 9848 --- [nio-8083-exec-5] c.t.d.m.DailyMapper.selectPage_mpCount   : ==> Parameters: 
00:30:11.431-[LAPTOP-93DPAS1G][da0945f91615459fb00ec13f888bd866]--DEBUG 9848 --- [nio-8083-exec-5] c.t.d.m.DailyMapper.selectPage_mpCount   : <==      Total: 1
00:30:11.432-[LAPTOP-93DPAS1G][da0945f91615459fb00ec13f888bd866]--DEBUG 9848 --- [nio-8083-exec-5] c.t.daily.mapper.DailyMapper.selectPage  : ==>  Preparing: SELECT id, date, datetype, ondutytime, offdutytime, username, name, rdmno1, rdmno2, rdmno3, worklength, note, create_time, update_time FROM daily ORDER BY create_time DESC LIMIT ?
00:30:11.432-[LAPTOP-93DPAS1G][da0945f91615459fb00ec13f888bd866]--DEBUG 9848 --- [nio-8083-exec-5] c.t.daily.mapper.DailyMapper.selectPage  : ==> Parameters: 10(Long)
00:30:11.434-[LAPTOP-93DPAS1G][da0945f91615459fb00ec13f888bd866]--DEBUG 9848 --- [nio-8083-exec-5] c.t.daily.mapper.DailyMapper.selectPage  : <==      Total: 3
00:31:05.547-[LAPTOP-93DPAS1G][be8287378e214f008312e68ad6c42b33]--DEBUG 9848 --- [nio-8083-exec-6] c.t.d.m.DailyMapper.selectPage_mpCount   : ==>  Preparing: SELECT COUNT(*) FROM daily
00:31:05.547-[LAPTOP-93DPAS1G][be8287378e214f008312e68ad6c42b33]--DEBUG 9848 --- [nio-8083-exec-6] c.t.d.m.DailyMapper.selectPage_mpCount   : ==> Parameters: 
00:31:05.549-[LAPTOP-93DPAS1G][be8287378e214f008312e68ad6c42b33]--DEBUG 9848 --- [nio-8083-exec-6] c.t.d.m.DailyMapper.selectPage_mpCount   : <==      Total: 1
00:31:05.550-[LAPTOP-93DPAS1G][be8287378e214f008312e68ad6c42b33]--DEBUG 9848 --- [nio-8083-exec-6] c.t.daily.mapper.DailyMapper.selectPage  : ==>  Preparing: SELECT id, date, datetype, ondutytime, offdutytime, username, name, rdmno1, rdmno2, rdmno3, worklength, note, create_time, update_time FROM daily ORDER BY create_time DESC LIMIT ?
00:31:05.550-[LAPTOP-93DPAS1G][be8287378e214f008312e68ad6c42b33]--DEBUG 9848 --- [nio-8083-exec-6] c.t.daily.mapper.DailyMapper.selectPage  : ==> Parameters: 10(Long)
00:31:05.552-[LAPTOP-93DPAS1G][be8287378e214f008312e68ad6c42b33]--DEBUG 9848 --- [nio-8083-exec-6] c.t.daily.mapper.DailyMapper.selectPage  : <==      Total: 3
00:31:16.519-[LAPTOP-93DPAS1G][c97743bae84f49fb981ca332580a7835]--DEBUG 9848 --- [nio-8083-exec-7] c.t.d.m.DailyMapper.selectPage_mpCount   : ==>  Preparing: SELECT COUNT(*) FROM daily
00:31:16.519-[LAPTOP-93DPAS1G][c97743bae84f49fb981ca332580a7835]--DEBUG 9848 --- [nio-8083-exec-7] c.t.d.m.DailyMapper.selectPage_mpCount   : ==> Parameters: 
00:31:16.521-[LAPTOP-93DPAS1G][c97743bae84f49fb981ca332580a7835]--DEBUG 9848 --- [nio-8083-exec-7] c.t.d.m.DailyMapper.selectPage_mpCount   : <==      Total: 1
00:31:16.522-[LAPTOP-93DPAS1G][c97743bae84f49fb981ca332580a7835]--DEBUG 9848 --- [nio-8083-exec-7] c.t.daily.mapper.DailyMapper.selectPage  : ==>  Preparing: SELECT id, date, datetype, ondutytime, offdutytime, username, name, rdmno1, rdmno2, rdmno3, worklength, note, create_time, update_time FROM daily ORDER BY create_time DESC LIMIT ?
00:31:16.522-[LAPTOP-93DPAS1G][c97743bae84f49fb981ca332580a7835]--DEBUG 9848 --- [nio-8083-exec-7] c.t.daily.mapper.DailyMapper.selectPage  : ==> Parameters: 10(Long)
00:31:16.525-[LAPTOP-93DPAS1G][c97743bae84f49fb981ca332580a7835]--DEBUG 9848 --- [nio-8083-exec-7] c.t.daily.mapper.DailyMapper.selectPage  : <==      Total: 3
00:31:33.408-[LAPTOP-93DPAS1G][097c3947222a44d88f80f87fcf49344e]--DEBUG 9848 --- [nio-8083-exec-8] c.t.d.m.DailyMapper.selectPage_mpCount   : ==>  Preparing: SELECT COUNT(*) FROM daily
00:31:33.408-[LAPTOP-93DPAS1G][097c3947222a44d88f80f87fcf49344e]--DEBUG 9848 --- [nio-8083-exec-8] c.t.d.m.DailyMapper.selectPage_mpCount   : ==> Parameters: 
00:31:33.410-[LAPTOP-93DPAS1G][097c3947222a44d88f80f87fcf49344e]--DEBUG 9848 --- [nio-8083-exec-8] c.t.d.m.DailyMapper.selectPage_mpCount   : <==      Total: 1
00:31:33.411-[LAPTOP-93DPAS1G][097c3947222a44d88f80f87fcf49344e]--DEBUG 9848 --- [nio-8083-exec-8] c.t.daily.mapper.DailyMapper.selectPage  : ==>  Preparing: SELECT id, date, datetype, ondutytime, offdutytime, username, name, rdmno1, rdmno2, rdmno3, worklength, note, create_time, update_time FROM daily ORDER BY create_time DESC LIMIT ?
00:31:33.411-[LAPTOP-93DPAS1G][097c3947222a44d88f80f87fcf49344e]--DEBUG 9848 --- [nio-8083-exec-8] c.t.daily.mapper.DailyMapper.selectPage  : ==> Parameters: 10(Long)
00:31:33.413-[LAPTOP-93DPAS1G][097c3947222a44d88f80f87fcf49344e]--DEBUG 9848 --- [nio-8083-exec-8] c.t.daily.mapper.DailyMapper.selectPage  : <==      Total: 3
00:31:48.529-[LAPTOP-93DPAS1G][ee12088e9b0d4a02895680e95e3d3582]--DEBUG 9848 --- [io-8083-exec-10] c.t.d.m.DailyMapper.selectPage_mpCount   : ==>  Preparing: SELECT COUNT(*) FROM daily
00:31:48.529-[LAPTOP-93DPAS1G][ee12088e9b0d4a02895680e95e3d3582]--DEBUG 9848 --- [io-8083-exec-10] c.t.d.m.DailyMapper.selectPage_mpCount   : ==> Parameters: 
00:31:48.531-[LAPTOP-93DPAS1G][ee12088e9b0d4a02895680e95e3d3582]--DEBUG 9848 --- [io-8083-exec-10] c.t.d.m.DailyMapper.selectPage_mpCount   : <==      Total: 1
00:31:48.532-[LAPTOP-93DPAS1G][ee12088e9b0d4a02895680e95e3d3582]--DEBUG 9848 --- [io-8083-exec-10] c.t.daily.mapper.DailyMapper.selectPage  : ==>  Preparing: SELECT id, date, datetype, ondutytime, offdutytime, username, name, rdmno1, rdmno2, rdmno3, worklength, note, create_time, update_time FROM daily ORDER BY create_time DESC LIMIT ?
00:31:48.532-[LAPTOP-93DPAS1G][ee12088e9b0d4a02895680e95e3d3582]--DEBUG 9848 --- [io-8083-exec-10] c.t.daily.mapper.DailyMapper.selectPage  : ==> Parameters: 10(Long)
00:31:48.534-[LAPTOP-93DPAS1G][ee12088e9b0d4a02895680e95e3d3582]--DEBUG 9848 --- [io-8083-exec-10] c.t.daily.mapper.DailyMapper.selectPage  : <==      Total: 3
00:32:13.400-[LAPTOP-93DPAS1G][9fe5879bd0e14cffb0324674d19d23e2]--DEBUG 9848 --- [nio-8083-exec-1] c.t.d.m.DailyMapper.selectPage_mpCount   : ==>  Preparing: SELECT COUNT(*) FROM daily
00:32:13.400-[LAPTOP-93DPAS1G][9fe5879bd0e14cffb0324674d19d23e2]--DEBUG 9848 --- [nio-8083-exec-1] c.t.d.m.DailyMapper.selectPage_mpCount   : ==> Parameters: 
00:32:13.402-[LAPTOP-93DPAS1G][9fe5879bd0e14cffb0324674d19d23e2]--DEBUG 9848 --- [nio-8083-exec-1] c.t.d.m.DailyMapper.selectPage_mpCount   : <==      Total: 1
00:32:13.403-[LAPTOP-93DPAS1G][9fe5879bd0e14cffb0324674d19d23e2]--DEBUG 9848 --- [nio-8083-exec-1] c.t.daily.mapper.DailyMapper.selectPage  : ==>  Preparing: SELECT id, date, datetype, ondutytime, offdutytime, username, name, rdmno1, rdmno2, rdmno3, worklength, note, create_time, update_time FROM daily ORDER BY create_time DESC LIMIT ?
00:32:13.403-[LAPTOP-93DPAS1G][9fe5879bd0e14cffb0324674d19d23e2]--DEBUG 9848 --- [nio-8083-exec-1] c.t.daily.mapper.DailyMapper.selectPage  : ==> Parameters: 10(Long)
00:32:13.405-[LAPTOP-93DPAS1G][9fe5879bd0e14cffb0324674d19d23e2]--DEBUG 9848 --- [nio-8083-exec-1] c.t.daily.mapper.DailyMapper.selectPage  : <==      Total: 3
00:33:12.376-[LAPTOP-93DPAS1G][07d738246a0a48cfaa33db26a3c699ea]--DEBUG 9848 --- [nio-8083-exec-2] c.t.d.m.DailyMapper.selectPage_mpCount   : ==>  Preparing: SELECT COUNT(*) FROM daily
00:33:12.376-[LAPTOP-93DPAS1G][07d738246a0a48cfaa33db26a3c699ea]--DEBUG 9848 --- [nio-8083-exec-2] c.t.d.m.DailyMapper.selectPage_mpCount   : ==> Parameters: 
00:33:12.378-[LAPTOP-93DPAS1G][07d738246a0a48cfaa33db26a3c699ea]--DEBUG 9848 --- [nio-8083-exec-2] c.t.d.m.DailyMapper.selectPage_mpCount   : <==      Total: 1
00:33:12.379-[LAPTOP-93DPAS1G][07d738246a0a48cfaa33db26a3c699ea]--DEBUG 9848 --- [nio-8083-exec-2] c.t.daily.mapper.DailyMapper.selectPage  : ==>  Preparing: SELECT id, date, datetype, ondutytime, offdutytime, username, name, rdmno1, rdmno2, rdmno3, worklength, note, create_time, update_time FROM daily ORDER BY create_time DESC LIMIT ?
00:33:12.379-[LAPTOP-93DPAS1G][07d738246a0a48cfaa33db26a3c699ea]--DEBUG 9848 --- [nio-8083-exec-2] c.t.daily.mapper.DailyMapper.selectPage  : ==> Parameters: 10(Long)
00:33:12.381-[LAPTOP-93DPAS1G][07d738246a0a48cfaa33db26a3c699ea]--DEBUG 9848 --- [nio-8083-exec-2] c.t.daily.mapper.DailyMapper.selectPage  : <==      Total: 3
00:33:59.364-[LAPTOP-93DPAS1G][1b3eb87e760341f998046e512acb326d]--DEBUG 9848 --- [nio-8083-exec-3] c.t.d.m.DailyMapper.selectPage_mpCount   : ==>  Preparing: SELECT COUNT(*) FROM daily
00:33:59.364-[LAPTOP-93DPAS1G][1b3eb87e760341f998046e512acb326d]--DEBUG 9848 --- [nio-8083-exec-3] c.t.d.m.DailyMapper.selectPage_mpCount   : ==> Parameters: 
00:33:59.366-[LAPTOP-93DPAS1G][1b3eb87e760341f998046e512acb326d]--DEBUG 9848 --- [nio-8083-exec-3] c.t.d.m.DailyMapper.selectPage_mpCount   : <==      Total: 1
00:33:59.369-[LAPTOP-93DPAS1G][1b3eb87e760341f998046e512acb326d]--DEBUG 9848 --- [nio-8083-exec-3] c.t.daily.mapper.DailyMapper.selectPage  : ==>  Preparing: SELECT id, date, datetype, ondutytime, offdutytime, username, name, rdmno1, rdmno2, rdmno3, worklength, note, create_time, update_time FROM daily ORDER BY create_time DESC LIMIT ?
00:33:59.369-[LAPTOP-93DPAS1G][1b3eb87e760341f998046e512acb326d]--DEBUG 9848 --- [nio-8083-exec-3] c.t.daily.mapper.DailyMapper.selectPage  : ==> Parameters: 10(Long)
00:33:59.370-[LAPTOP-93DPAS1G][1b3eb87e760341f998046e512acb326d]--DEBUG 9848 --- [nio-8083-exec-3] c.t.daily.mapper.DailyMapper.selectPage  : <==      Total: 3
00:35:06.495-[LAPTOP-93DPAS1G][a39f5ceb51eb468583bf53e9a27de671]--DEBUG 9848 --- [nio-8083-exec-5] c.t.d.m.DailyMapper.selectPage_mpCount   : ==>  Preparing: SELECT COUNT(*) FROM daily
00:35:06.495-[LAPTOP-93DPAS1G][a39f5ceb51eb468583bf53e9a27de671]--DEBUG 9848 --- [nio-8083-exec-5] c.t.d.m.DailyMapper.selectPage_mpCount   : ==> Parameters: 
00:35:06.497-[LAPTOP-93DPAS1G][a39f5ceb51eb468583bf53e9a27de671]--DEBUG 9848 --- [nio-8083-exec-5] c.t.d.m.DailyMapper.selectPage_mpCount   : <==      Total: 1
00:35:06.498-[LAPTOP-93DPAS1G][a39f5ceb51eb468583bf53e9a27de671]--DEBUG 9848 --- [nio-8083-exec-5] c.t.daily.mapper.DailyMapper.selectPage  : ==>  Preparing: SELECT id, date, datetype, ondutytime, offdutytime, username, name, rdmno1, rdmno2, rdmno3, worklength, note, create_time, update_time FROM daily ORDER BY create_time DESC LIMIT ?
00:35:06.499-[LAPTOP-93DPAS1G][a39f5ceb51eb468583bf53e9a27de671]--DEBUG 9848 --- [nio-8083-exec-5] c.t.daily.mapper.DailyMapper.selectPage  : ==> Parameters: 10(Long)
00:35:06.500-[LAPTOP-93DPAS1G][a39f5ceb51eb468583bf53e9a27de671]--DEBUG 9848 --- [nio-8083-exec-5] c.t.daily.mapper.DailyMapper.selectPage  : <==      Total: 3
00:36:54.669-[LAPTOP-93DPAS1G][5aa611e6a3344240936a8522af71fe33]--DEBUG 9848 --- [nio-8083-exec-8] c.t.d.m.DailyMapper.selectPage_mpCount   : ==>  Preparing: SELECT COUNT(*) FROM daily
00:36:54.669-[LAPTOP-93DPAS1G][5aa611e6a3344240936a8522af71fe33]--DEBUG 9848 --- [nio-8083-exec-8] c.t.d.m.DailyMapper.selectPage_mpCount   : ==> Parameters: 
00:36:54.676-[LAPTOP-93DPAS1G][5aa611e6a3344240936a8522af71fe33]--DEBUG 9848 --- [nio-8083-exec-8] c.t.d.m.DailyMapper.selectPage_mpCount   : <==      Total: 1
00:36:54.677-[LAPTOP-93DPAS1G][5aa611e6a3344240936a8522af71fe33]--DEBUG 9848 --- [nio-8083-exec-8] c.t.daily.mapper.DailyMapper.selectPage  : ==>  Preparing: SELECT id, date, datetype, ondutytime, offdutytime, username, name, rdmno1, rdmno2, rdmno3, worklength, note, create_time, update_time FROM daily ORDER BY create_time DESC LIMIT ?
00:36:54.678-[LAPTOP-93DPAS1G][5aa611e6a3344240936a8522af71fe33]--DEBUG 9848 --- [nio-8083-exec-8] c.t.daily.mapper.DailyMapper.selectPage  : ==> Parameters: 10(Long)
00:36:54.679-[LAPTOP-93DPAS1G][5aa611e6a3344240936a8522af71fe33]--DEBUG 9848 --- [nio-8083-exec-8] c.t.daily.mapper.DailyMapper.selectPage  : <==      Total: 3
00:37:30.427-[LAPTOP-93DPAS1G][5a0845ee214146ee9e3e273b9b0df765]--DEBUG 9848 --- [nio-8083-exec-9] c.t.d.m.DailyMapper.selectPage_mpCount   : ==>  Preparing: SELECT COUNT(*) FROM daily
00:37:30.428-[LAPTOP-93DPAS1G][5a0845ee214146ee9e3e273b9b0df765]--DEBUG 9848 --- [nio-8083-exec-9] c.t.d.m.DailyMapper.selectPage_mpCount   : ==> Parameters: 
00:37:30.430-[LAPTOP-93DPAS1G][5a0845ee214146ee9e3e273b9b0df765]--DEBUG 9848 --- [nio-8083-exec-9] c.t.d.m.DailyMapper.selectPage_mpCount   : <==      Total: 1
00:37:30.431-[LAPTOP-93DPAS1G][5a0845ee214146ee9e3e273b9b0df765]--DEBUG 9848 --- [nio-8083-exec-9] c.t.daily.mapper.DailyMapper.selectPage  : ==>  Preparing: SELECT id, date, datetype, ondutytime, offdutytime, username, name, rdmno1, rdmno2, rdmno3, worklength, note, create_time, update_time FROM daily ORDER BY create_time DESC LIMIT ?
00:37:30.431-[LAPTOP-93DPAS1G][5a0845ee214146ee9e3e273b9b0df765]--DEBUG 9848 --- [nio-8083-exec-9] c.t.daily.mapper.DailyMapper.selectPage  : ==> Parameters: 10(Long)
00:37:30.433-[LAPTOP-93DPAS1G][5a0845ee214146ee9e3e273b9b0df765]--DEBUG 9848 --- [nio-8083-exec-9] c.t.daily.mapper.DailyMapper.selectPage  : <==      Total: 3
