22:58:04.965-[LAPTOP-N7NFBKIR][sys]-- INFO 12860 --- [           main] com.tianji.gateway.GatewayApplication    : The following 1 profile is active: "remote"
22:58:05.780-[LAPTOP-N7NFBKIR][sys]-- INFO 12860 --- [           main] .s.d.r.c.RepositoryConfigurationDelegate : Multiple Spring Data modules found, entering strict repository configuration mode
22:58:05.781-[LAPTOP-N7NFBKIR][sys]-- INFO 12860 --- [           main] .s.d.r.c.RepositoryConfigurationDelegate : Bootstrapping Spring Data Redis repositories in DEFAULT mode.
22:58:05.797-[LAPTOP-N7NFBKIR][sys]-- INFO 12860 --- [           main] .s.d.r.c.RepositoryConfigurationDelegate : Finished Spring Data repository scanning in 6 ms. Found 0 Redis repository interfaces.
22:58:05.987-[LAPTOP-N7NFBKIR][sys]-- INFO 12860 --- [           main] o.s.cloud.context.scope.GenericScope     : BeanFactory id=b068bb2d-21a0-309c-b53a-33d9803cb177
22:58:06.142-[LAPTOP-N7NFBKIR][sys]-- INFO 12860 --- [           main] trationDelegate$BeanPostProcessorChecker : Bean 'org.springframework.cloud.client.loadbalancer.reactive.LoadBalancerBeanPostProcessorAutoConfiguration' of type [org.springframework.cloud.client.loadbalancer.reactive.LoadBalancerBeanPostProcessorAutoConfiguration] is not eligible for getting processed by all BeanPostProcessors (for example: not eligible for auto-proxying)
22:58:06.143-[LAPTOP-N7NFBKIR][sys]-- INFO 12860 --- [           main] trationDelegate$BeanPostProcessorChecker : Bean 'org.springframework.cloud.client.loadbalancer.reactive.LoadBalancerBeanPostProcessorAutoConfiguration$ReactorDeferringLoadBalancerFilterConfig' of type [org.springframework.cloud.client.loadbalancer.reactive.LoadBalancerBeanPostProcessorAutoConfiguration$ReactorDeferringLoadBalancerFilterConfig] is not eligible for getting processed by all BeanPostProcessors (for example: not eligible for auto-proxying)
22:58:06.145-[LAPTOP-N7NFBKIR][sys]-- INFO 12860 --- [           main] trationDelegate$BeanPostProcessorChecker : Bean 'reactorDeferringLoadBalancerExchangeFilterFunction' of type [org.springframework.cloud.client.loadbalancer.reactive.DeferringLoadBalancerExchangeFilterFunction] is not eligible for getting processed by all BeanPostProcessors (for example: not eligible for auto-proxying)
22:58:06.667-[LAPTOP-N7NFBKIR][sys]-- INFO 12860 --- [hFetchJwkThread] c.t.a.gateway.util.JwtSignerHolder       : 尝试加载auth服务地址
22:58:06.671-[LAPTOP-N7NFBKIR][sys]-- INFO 12860 --- [hFetchJwkThread] com.alibaba.nacos.client.naming          : initializer namespace from System Property :null
22:58:06.671-[LAPTOP-N7NFBKIR][sys]-- INFO 12860 --- [hFetchJwkThread] com.alibaba.nacos.client.naming          : initializer namespace from System Environment :null
22:58:06.673-[LAPTOP-N7NFBKIR][sys]-- INFO 12860 --- [hFetchJwkThread] com.alibaba.nacos.client.naming          : initializer namespace from System Property :null
22:58:06.789-[LAPTOP-N7NFBKIR][sys]--ERROR 12860 --- [hFetchJwkThread] c.t.a.gateway.util.JwtSignerHolder       : 加载auth服务地址失败，原因：数据为空
22:58:07.330-[LAPTOP-N7NFBKIR][sys]-- INFO 12860 --- [g.push.receiver] com.alibaba.nacos.client.naming          : received push data: {"type":"dom","data":"{\"name\":\"DEFAULT_GROUP@@auth-service\",\"clusters\":\"\",\"cacheMillis\":10000,\"hosts\":[],\"lastRefTime\":1709477887451,\"checksum\":\"\",\"allIPs\":false,\"reachProtectionThreshold\":false,\"valid\":true}","lastRefTime":62672245684990} from /192.168.1.37
22:58:07.760-[LAPTOP-N7NFBKIR][sys]-- INFO 12860 --- [           main] o.s.c.g.r.RouteDefinitionRouteLocator    : Loaded RoutePredicateFactory [After]
22:58:07.760-[LAPTOP-N7NFBKIR][sys]-- INFO 12860 --- [           main] o.s.c.g.r.RouteDefinitionRouteLocator    : Loaded RoutePredicateFactory [Before]
22:58:07.760-[LAPTOP-N7NFBKIR][sys]-- INFO 12860 --- [           main] o.s.c.g.r.RouteDefinitionRouteLocator    : Loaded RoutePredicateFactory [Between]
22:58:07.760-[LAPTOP-N7NFBKIR][sys]-- INFO 12860 --- [           main] o.s.c.g.r.RouteDefinitionRouteLocator    : Loaded RoutePredicateFactory [Cookie]
22:58:07.760-[LAPTOP-N7NFBKIR][sys]-- INFO 12860 --- [           main] o.s.c.g.r.RouteDefinitionRouteLocator    : Loaded RoutePredicateFactory [Header]
22:58:07.760-[LAPTOP-N7NFBKIR][sys]-- INFO 12860 --- [           main] o.s.c.g.r.RouteDefinitionRouteLocator    : Loaded RoutePredicateFactory [Host]
22:58:07.760-[LAPTOP-N7NFBKIR][sys]-- INFO 12860 --- [           main] o.s.c.g.r.RouteDefinitionRouteLocator    : Loaded RoutePredicateFactory [Method]
22:58:07.760-[LAPTOP-N7NFBKIR][sys]-- INFO 12860 --- [           main] o.s.c.g.r.RouteDefinitionRouteLocator    : Loaded RoutePredicateFactory [Path]
22:58:07.760-[LAPTOP-N7NFBKIR][sys]-- INFO 12860 --- [           main] o.s.c.g.r.RouteDefinitionRouteLocator    : Loaded RoutePredicateFactory [Query]
22:58:07.760-[LAPTOP-N7NFBKIR][sys]-- INFO 12860 --- [           main] o.s.c.g.r.RouteDefinitionRouteLocator    : Loaded RoutePredicateFactory [ReadBody]
22:58:07.761-[LAPTOP-N7NFBKIR][sys]-- INFO 12860 --- [           main] o.s.c.g.r.RouteDefinitionRouteLocator    : Loaded RoutePredicateFactory [RemoteAddr]
22:58:07.761-[LAPTOP-N7NFBKIR][sys]-- INFO 12860 --- [           main] o.s.c.g.r.RouteDefinitionRouteLocator    : Loaded RoutePredicateFactory [XForwardedRemoteAddr]
22:58:07.761-[LAPTOP-N7NFBKIR][sys]-- INFO 12860 --- [           main] o.s.c.g.r.RouteDefinitionRouteLocator    : Loaded RoutePredicateFactory [Weight]
22:58:07.761-[LAPTOP-N7NFBKIR][sys]-- INFO 12860 --- [           main] o.s.c.g.r.RouteDefinitionRouteLocator    : Loaded RoutePredicateFactory [CloudFoundryRouteService]
22:58:08.621-[LAPTOP-N7NFBKIR][sys]-- WARN 12860 --- [           main] iguration$LoadBalancerCaffeineWarnLogger : Spring Cloud LoadBalancer is currently working with the default cache. While this cache implementation is useful for development and tests, it's recommended to use Caffeine cache in production.You can switch to using Caffeine cache, by adding it and org.springframework.cache.caffeine.CaffeineCacheManager to the classpath.
22:58:09.049-[LAPTOP-N7NFBKIR][sys]-- INFO 12860 --- [           main] o.s.b.web.embedded.netty.NettyWebServer  : Netty started on port 10010
22:58:09.246-[LAPTOP-N7NFBKIR][sys]-- INFO 12860 --- [g.push.receiver] com.alibaba.nacos.client.naming          : received push data: {"type":"dom","data":"{\"name\":\"DEFAULT_GROUP@@gateway-service\",\"clusters\":\"DEFAULT\",\"cacheMillis\":10000,\"hosts\":[],\"lastRefTime\":1709477889365,\"checksum\":\"\",\"allIPs\":false,\"reachProtectionThreshold\":false,\"valid\":true}","lastRefTime":62674160152484} from /192.168.1.37
22:58:10.000-[LAPTOP-N7NFBKIR][sys]-- INFO 12860 --- [           main] com.alibaba.nacos.client.naming          : [BEAT] adding beat: BeatInfo{port=10010, ip='localhost', weight=1.0, serviceName='DEFAULT_GROUP@@gateway-service', cluster='DEFAULT', metadata={preserved.register.source=SPRING_CLOUD}, scheduled=false, period=5000, stopped=false} to beat map.
22:58:10.001-[LAPTOP-N7NFBKIR][sys]-- INFO 12860 --- [           main] com.alibaba.nacos.client.naming          : [REGISTER-SERVICE] f923fb34-cb0a-4c06-8fca-ad61ea61a3f0 registering service DEFAULT_GROUP@@gateway-service with instance: Instance{instanceId='null', ip='localhost', port=10010, weight=1.0, healthy=true, enabled=true, ephemeral=true, clusterName='DEFAULT', serviceName='null', metadata={preserved.register.source=SPRING_CLOUD}}
22:58:10.016-[LAPTOP-N7NFBKIR][sys]-- INFO 12860 --- [           main] c.a.c.n.registry.NacosServiceRegistry    : nacos registry, DEFAULT_GROUP gateway-service localhost:10010 register finished
22:58:10.267-[LAPTOP-N7NFBKIR][sys]-- INFO 12860 --- [           main] com.tianji.gateway.GatewayApplication    : Started GatewayApplication in 7.761 seconds (JVM running for 9.06)
22:58:10.272-[LAPTOP-N7NFBKIR][sys]-- INFO 12860 --- [           main] c.a.n.client.config.impl.ClientWorker    : [fixed-8.134.236.213_8848-0b28cd9d-6c25-4aeb-8607-80a3c0361484] [subscribe] gateway-service-remote.yaml+DEFAULT_GROUP+0b28cd9d-6c25-4aeb-8607-80a3c0361484
22:58:10.273-[LAPTOP-N7NFBKIR][sys]-- INFO 12860 --- [           main] c.a.nacos.client.config.impl.CacheData   : [fixed-8.134.236.213_8848-0b28cd9d-6c25-4aeb-8607-80a3c0361484] [add-listener] ok, tenant=0b28cd9d-6c25-4aeb-8607-80a3c0361484, dataId=gateway-service-remote.yaml, group=DEFAULT_GROUP, cnt=1
22:58:10.274-[LAPTOP-N7NFBKIR][sys]-- INFO 12860 --- [           main] c.a.c.n.refresh.NacosContextRefresher    : listening config: dataId=gateway-service-remote.yaml, group=DEFAULT_GROUP
22:58:10.274-[LAPTOP-N7NFBKIR][sys]-- INFO 12860 --- [           main] c.a.n.client.config.impl.ClientWorker    : [fixed-8.134.236.213_8848-0b28cd9d-6c25-4aeb-8607-80a3c0361484] [subscribe] gateway-service+DEFAULT_GROUP+0b28cd9d-6c25-4aeb-8607-80a3c0361484
22:58:10.274-[LAPTOP-N7NFBKIR][sys]-- INFO 12860 --- [           main] c.a.nacos.client.config.impl.CacheData   : [fixed-8.134.236.213_8848-0b28cd9d-6c25-4aeb-8607-80a3c0361484] [add-listener] ok, tenant=0b28cd9d-6c25-4aeb-8607-80a3c0361484, dataId=gateway-service, group=DEFAULT_GROUP, cnt=1
22:58:10.275-[LAPTOP-N7NFBKIR][sys]-- INFO 12860 --- [           main] c.a.c.n.refresh.NacosContextRefresher    : listening config: dataId=gateway-service, group=DEFAULT_GROUP
22:58:10.284-[LAPTOP-N7NFBKIR][sys]-- INFO 12860 --- [           main] c.a.n.client.config.impl.ClientWorker    : [fixed-8.134.236.213_8848-0b28cd9d-6c25-4aeb-8607-80a3c0361484] [subscribe] gateway-service.yaml+DEFAULT_GROUP+0b28cd9d-6c25-4aeb-8607-80a3c0361484
22:58:10.284-[LAPTOP-N7NFBKIR][sys]-- INFO 12860 --- [           main] c.a.nacos.client.config.impl.CacheData   : [fixed-8.134.236.213_8848-0b28cd9d-6c25-4aeb-8607-80a3c0361484] [add-listener] ok, tenant=0b28cd9d-6c25-4aeb-8607-80a3c0361484, dataId=gateway-service.yaml, group=DEFAULT_GROUP, cnt=1
22:58:10.284-[LAPTOP-N7NFBKIR][sys]-- INFO 12860 --- [           main] c.a.c.n.refresh.NacosContextRefresher    : listening config: dataId=gateway-service.yaml, group=DEFAULT_GROUP
22:58:10.285-[LAPTOP-N7NFBKIR][sys]-- INFO 12860 --- [           main] com.tianji.gateway.GatewayApplication    : --/
---------------------------------------------------------------------------------------
	Application 'gateway-service' is running! Access URLs:
	Local: 		http://localhost:10010
	External: 	http://192.168.1.36:10010
	Profile(s): 	[remote]
---------------------------------------------------------------------------------------
22:58:10.569-[LAPTOP-N7NFBKIR][sys]-- INFO 12860 --- [g.push.receiver] com.alibaba.nacos.client.naming          : received push data: {"type":"dom","data":"{\"name\":\"DEFAULT_GROUP@@gateway-service\",\"clusters\":\"DEFAULT\",\"cacheMillis\":10000,\"hosts\":[{\"instanceId\":\"localhost#10010#DEFAULT#DEFAULT_GROUP@@gateway-service\",\"ip\":\"localhost\",\"port\":10010,\"weight\":1.0,\"healthy\":true,\"enabled\":true,\"ephemeral\":true,\"clusterName\":\"DEFAULT\",\"serviceName\":\"DEFAULT_GROUP@@gateway-service\",\"metadata\":{\"preserved.register.source\":\"SPRING_CLOUD\"},\"instanceHeartBeatInterval\":5000,\"instanceHeartBeatTimeOut\":15000,\"ipDeleteTimeout\":30000}],\"lastRefTime\":1709477890676,\"checksum\":\"\",\"allIPs\":false,\"reachProtectionThreshold\":false,\"valid\":true}","lastRefTime":62675470770579} from /192.168.1.37
22:58:10.590-[LAPTOP-N7NFBKIR][sys]-- INFO 12860 --- [g.push.receiver] com.alibaba.nacos.client.naming          : new ips(1) service: DEFAULT_GROUP@@gateway-service@@DEFAULT -> [{"instanceId":"localhost#10010#DEFAULT#DEFAULT_GROUP@@gateway-service","ip":"localhost","port":10010,"weight":1.0,"healthy":true,"enabled":true,"ephemeral":true,"clusterName":"DEFAULT","serviceName":"DEFAULT_GROUP@@gateway-service","metadata":{"preserved.register.source":"SPRING_CLOUD"},"instanceHeartBeatInterval":5000,"instanceHeartBeatTimeOut":15000,"ipDeleteTimeout":30000}]
22:58:10.612-[LAPTOP-N7NFBKIR][sys]-- INFO 12860 --- [g.push.receiver] com.alibaba.nacos.client.naming          : current ips:(1) service: DEFAULT_GROUP@@gateway-service@@DEFAULT -> [{"instanceId":"localhost#10010#DEFAULT#DEFAULT_GROUP@@gateway-service","ip":"localhost","port":10010,"weight":1.0,"healthy":true,"enabled":true,"ephemeral":true,"clusterName":"DEFAULT","serviceName":"DEFAULT_GROUP@@gateway-service","metadata":{"preserved.register.source":"SPRING_CLOUD"},"instanceHeartBeatInterval":5000,"instanceHeartBeatTimeOut":15000,"ipDeleteTimeout":30000}]
22:58:16.801-[LAPTOP-N7NFBKIR][sys]-- INFO 12860 --- [hFetchJwkThread] c.t.a.gateway.util.JwtSignerHolder       : 尝试加载auth服务地址
22:58:16.801-[LAPTOP-N7NFBKIR][sys]--ERROR 12860 --- [hFetchJwkThread] c.t.a.gateway.util.JwtSignerHolder       : 加载auth服务地址失败，原因：数据为空
22:58:26.809-[LAPTOP-N7NFBKIR][sys]-- INFO 12860 --- [hFetchJwkThread] c.t.a.gateway.util.JwtSignerHolder       : 尝试加载auth服务地址
22:58:26.809-[LAPTOP-N7NFBKIR][sys]--ERROR 12860 --- [hFetchJwkThread] c.t.a.gateway.util.JwtSignerHolder       : 加载auth服务地址失败，原因：数据为空
22:58:36.818-[LAPTOP-N7NFBKIR][sys]-- INFO 12860 --- [hFetchJwkThread] c.t.a.gateway.util.JwtSignerHolder       : 尝试加载auth服务地址
22:58:36.818-[LAPTOP-N7NFBKIR][sys]--ERROR 12860 --- [hFetchJwkThread] c.t.a.gateway.util.JwtSignerHolder       : 加载auth服务地址失败，原因：数据为空
22:58:46.819-[LAPTOP-N7NFBKIR][sys]-- INFO 12860 --- [hFetchJwkThread] c.t.a.gateway.util.JwtSignerHolder       : 尝试加载auth服务地址
22:58:46.819-[LAPTOP-N7NFBKIR][sys]--ERROR 12860 --- [hFetchJwkThread] c.t.a.gateway.util.JwtSignerHolder       : 加载auth服务地址失败，原因：数据为空
22:58:56.829-[LAPTOP-N7NFBKIR][sys]-- INFO 12860 --- [hFetchJwkThread] c.t.a.gateway.util.JwtSignerHolder       : 尝试加载auth服务地址
22:58:56.829-[LAPTOP-N7NFBKIR][sys]--ERROR 12860 --- [hFetchJwkThread] c.t.a.gateway.util.JwtSignerHolder       : 加载auth服务地址失败，原因：数据为空
22:59:06.842-[LAPTOP-N7NFBKIR][sys]-- INFO 12860 --- [hFetchJwkThread] c.t.a.gateway.util.JwtSignerHolder       : 尝试加载auth服务地址
22:59:06.842-[LAPTOP-N7NFBKIR][sys]--ERROR 12860 --- [hFetchJwkThread] c.t.a.gateway.util.JwtSignerHolder       : 加载auth服务地址失败，原因：数据为空
22:59:16.856-[LAPTOP-N7NFBKIR][sys]-- INFO 12860 --- [hFetchJwkThread] c.t.a.gateway.util.JwtSignerHolder       : 尝试加载auth服务地址
22:59:16.858-[LAPTOP-N7NFBKIR][sys]--ERROR 12860 --- [hFetchJwkThread] c.t.a.gateway.util.JwtSignerHolder       : 加载auth服务地址失败，原因：数据为空
22:59:23.921-[LAPTOP-N7NFBKIR][sys]-- INFO 12860 --- [g.push.receiver] com.alibaba.nacos.client.naming          : received push data: {"type":"dom","data":"{\"name\":\"DEFAULT_GROUP@@auth-service\",\"clusters\":\"\",\"cacheMillis\":10000,\"hosts\":[{\"instanceId\":\"localhost#8081#DEFAULT#DEFAULT_GROUP@@auth-service\",\"ip\":\"localhost\",\"port\":8081,\"weight\":1.0,\"healthy\":true,\"enabled\":true,\"ephemeral\":true,\"clusterName\":\"DEFAULT\",\"serviceName\":\"DEFAULT_GROUP@@auth-service\",\"metadata\":{\"preserved.register.source\":\"SPRING_CLOUD\"},\"instanceHeartBeatInterval\":5000,\"instanceHeartBeatTimeOut\":15000,\"ipDeleteTimeout\":30000}],\"lastRefTime\":1709477964041,\"checksum\":\"\",\"allIPs\":false,\"reachProtectionThreshold\":false,\"valid\":true}","lastRefTime":62748835865528} from /192.168.1.37
22:59:23.922-[LAPTOP-N7NFBKIR][sys]-- INFO 12860 --- [g.push.receiver] com.alibaba.nacos.client.naming          : new ips(1) service: DEFAULT_GROUP@@auth-service -> [{"instanceId":"localhost#8081#DEFAULT#DEFAULT_GROUP@@auth-service","ip":"localhost","port":8081,"weight":1.0,"healthy":true,"enabled":true,"ephemeral":true,"clusterName":"DEFAULT","serviceName":"DEFAULT_GROUP@@auth-service","metadata":{"preserved.register.source":"SPRING_CLOUD"},"instanceHeartBeatInterval":5000,"instanceHeartBeatTimeOut":15000,"ipDeleteTimeout":30000}]
22:59:23.932-[LAPTOP-N7NFBKIR][sys]-- INFO 12860 --- [g.push.receiver] com.alibaba.nacos.client.naming          : current ips:(1) service: DEFAULT_GROUP@@auth-service -> [{"instanceId":"localhost#8081#DEFAULT#DEFAULT_GROUP@@auth-service","ip":"localhost","port":8081,"weight":1.0,"healthy":true,"enabled":true,"ephemeral":true,"clusterName":"DEFAULT","serviceName":"DEFAULT_GROUP@@auth-service","metadata":{"preserved.register.source":"SPRING_CLOUD"},"instanceHeartBeatInterval":5000,"instanceHeartBeatTimeOut":15000,"ipDeleteTimeout":30000}]
22:59:26.858-[LAPTOP-N7NFBKIR][sys]-- INFO 12860 --- [hFetchJwkThread] c.t.a.gateway.util.JwtSignerHolder       : 尝试加载auth服务地址
22:59:26.861-[LAPTOP-N7NFBKIR][sys]-- INFO 12860 --- [hFetchJwkThread] c.t.a.gateway.util.JwtSignerHolder       : 加载auth服务地址成功，http://localhost:8081/jwks
22:59:26.862-[LAPTOP-N7NFBKIR][sys]-- INFO 12860 --- [hFetchJwkThread] c.t.a.gateway.util.JwtSignerHolder       : 尝试加载jwk秘钥
22:59:27.344-[LAPTOP-N7NFBKIR][sys]-- INFO 12860 --- [hFetchJwkThread] c.t.a.gateway.util.JwtSignerHolder       : 加载jwk秘钥成功！
22:59:27.345-[LAPTOP-N7NFBKIR][sys]--DEBUG 12860 --- [hFetchJwkThread] c.t.a.gateway.util.JwtSignerHolder       : 销毁加载秘钥线程 AuthFetchJwkThread
22:59:53.315-[LAPTOP-N7NFBKIR][sys]-- WARN 12860 --- [      Thread-12] c.a.nacos.common.notify.NotifyCenter     : [NotifyCenter] Start destroying Publisher
22:59:53.315-[LAPTOP-N7NFBKIR][sys]-- WARN 12860 --- [       Thread-1] c.a.n.common.http.HttpClientBeanHolder   : [HttpClientBeanHolder] Start destroying common HttpClient
22:59:53.315-[LAPTOP-N7NFBKIR][sys]-- WARN 12860 --- [      Thread-12] c.a.nacos.common.notify.NotifyCenter     : [NotifyCenter] Destruction of the end
22:59:53.315-[LAPTOP-N7NFBKIR][sys]-- WARN 12860 --- [       Thread-1] c.a.n.common.http.HttpClientBeanHolder   : [HttpClientBeanHolder] Destruction of the end
22:59:53.327-[LAPTOP-N7NFBKIR][sys]-- INFO 12860 --- [ionShutdownHook] c.a.c.n.registry.NacosServiceRegistry    : De-registering from Nacos Server now...
22:59:53.327-[LAPTOP-N7NFBKIR][sys]-- INFO 12860 --- [ionShutdownHook] com.alibaba.nacos.client.naming          : [BEAT] removing beat: DEFAULT_GROUP@@gateway-service:localhost:10010 from beat map.
22:59:53.327-[LAPTOP-N7NFBKIR][sys]-- INFO 12860 --- [ionShutdownHook] com.alibaba.nacos.client.naming          : [DEREGISTER-SERVICE] f923fb34-cb0a-4c06-8fca-ad61ea61a3f0 deregistering service DEFAULT_GROUP@@gateway-service with instance: Instance{instanceId='null', ip='localhost', port=10010, weight=1.0, healthy=true, enabled=true, ephemeral=true, clusterName='DEFAULT', serviceName='null', metadata={}}
22:59:53.344-[LAPTOP-N7NFBKIR][sys]-- INFO 12860 --- [ionShutdownHook] c.a.c.n.registry.NacosServiceRegistry    : De-registration finished.
22:59:53.344-[LAPTOP-N7NFBKIR][sys]-- INFO 12860 --- [ionShutdownHook] com.alibaba.nacos.client.naming          : com.alibaba.nacos.client.naming.beat.BeatReactor do shutdown begin
22:59:53.924-[LAPTOP-N7NFBKIR][sys]-- INFO 12860 --- [g.push.receiver] com.alibaba.nacos.client.naming          : received push data: {"type":"dom","data":"{\"name\":\"DEFAULT_GROUP@@gateway-service\",\"clusters\":\"DEFAULT\",\"cacheMillis\":10000,\"hosts\":[],\"lastRefTime\":1709477994047,\"checksum\":\"\",\"allIPs\":false,\"reachProtectionThreshold\":false,\"valid\":true}","lastRefTime":62778842098040} from /192.168.1.37
22:59:53.924-[LAPTOP-N7NFBKIR][sys]-- INFO 12860 --- [g.push.receiver] com.alibaba.nacos.client.naming          : removed ips(1) service: DEFAULT_GROUP@@gateway-service@@DEFAULT -> [{"instanceId":"localhost#10010#DEFAULT#DEFAULT_GROUP@@gateway-service","ip":"localhost","port":10010,"weight":1.0,"healthy":true,"enabled":true,"ephemeral":true,"clusterName":"DEFAULT","serviceName":"DEFAULT_GROUP@@gateway-service","metadata":{"preserved.register.source":"SPRING_CLOUD"},"instanceHeartBeatInterval":5000,"instanceHeartBeatTimeOut":15000,"ipDeleteTimeout":30000}]
22:59:53.931-[LAPTOP-N7NFBKIR][sys]-- INFO 12860 --- [g.push.receiver] com.alibaba.nacos.client.naming          : current ips:(0) service: DEFAULT_GROUP@@gateway-service@@DEFAULT -> []
22:59:54.232-[LAPTOP-N7NFBKIR][sys]-- INFO 12860 --- [g.push.receiver] com.alibaba.nacos.client.naming          : received push data: {"type":"dom","data":"{\"name\":\"DEFAULT_GROUP@@auth-service\",\"clusters\":\"\",\"cacheMillis\":10000,\"hosts\":[],\"lastRefTime\":1709477994352,\"checksum\":\"\",\"allIPs\":false,\"reachProtectionThreshold\":false,\"valid\":true}","lastRefTime":62779147270343} from /192.168.1.37
22:59:54.232-[LAPTOP-N7NFBKIR][sys]-- INFO 12860 --- [g.push.receiver] com.alibaba.nacos.client.naming          : removed ips(1) service: DEFAULT_GROUP@@auth-service -> [{"instanceId":"localhost#8081#DEFAULT#DEFAULT_GROUP@@auth-service","ip":"localhost","port":8081,"weight":1.0,"healthy":true,"enabled":true,"ephemeral":true,"clusterName":"DEFAULT","serviceName":"DEFAULT_GROUP@@auth-service","metadata":{"preserved.register.source":"SPRING_CLOUD"},"instanceHeartBeatInterval":5000,"instanceHeartBeatTimeOut":15000,"ipDeleteTimeout":30000}]
22:59:54.242-[LAPTOP-N7NFBKIR][sys]-- INFO 12860 --- [g.push.receiver] com.alibaba.nacos.client.naming          : current ips:(0) service: DEFAULT_GROUP@@auth-service -> []
22:59:55.581-[LAPTOP-N7NFBKIR][sys]-- INFO 12860 --- [ionShutdownHook] com.alibaba.nacos.client.naming          : com.alibaba.nacos.client.naming.beat.BeatReactor do shutdown stop
22:59:55.583-[LAPTOP-N7NFBKIR][sys]-- INFO 12860 --- [ionShutdownHook] com.alibaba.nacos.client.naming          : com.alibaba.nacos.client.naming.core.HostReactor do shutdown begin
22:59:58.606-[LAPTOP-N7NFBKIR][sys]-- INFO 12860 --- [ionShutdownHook] com.alibaba.nacos.client.naming          : com.alibaba.nacos.client.naming.core.PushReceiver do shutdown begin
23:00:01.648-[LAPTOP-N7NFBKIR][sys]-- INFO 12860 --- [ionShutdownHook] com.alibaba.nacos.client.naming          : com.alibaba.nacos.client.naming.core.PushReceiver do shutdown stop
23:00:01.648-[LAPTOP-N7NFBKIR][sys]-- INFO 12860 --- [ionShutdownHook] com.alibaba.nacos.client.naming          : com.alibaba.nacos.client.naming.backups.FailoverReactor do shutdown begin
23:00:01.649-[LAPTOP-N7NFBKIR][sys]-- INFO 12860 --- [ionShutdownHook] com.alibaba.nacos.client.naming          : com.alibaba.nacos.client.naming.backups.FailoverReactor do shutdown stop
23:00:01.649-[LAPTOP-N7NFBKIR][sys]-- INFO 12860 --- [ionShutdownHook] com.alibaba.nacos.client.naming          : com.alibaba.nacos.client.naming.core.HostReactor do shutdown stop
23:00:01.649-[LAPTOP-N7NFBKIR][sys]-- INFO 12860 --- [ionShutdownHook] com.alibaba.nacos.client.naming          : com.alibaba.nacos.client.naming.net.NamingProxy do shutdown begin
23:00:01.649-[LAPTOP-N7NFBKIR][sys]-- WARN 12860 --- [ionShutdownHook] com.alibaba.nacos.client.naming          : [NamingHttpClientManager] Start destroying NacosRestTemplate
23:00:01.649-[LAPTOP-N7NFBKIR][sys]-- WARN 12860 --- [ionShutdownHook] com.alibaba.nacos.client.naming          : [NamingHttpClientManager] Destruction of the end
23:00:01.650-[LAPTOP-N7NFBKIR][sys]-- INFO 12860 --- [ionShutdownHook] c.a.n.client.identify.CredentialWatcher  : [null] CredentialWatcher is stopped
23:00:01.650-[LAPTOP-N7NFBKIR][sys]-- INFO 12860 --- [ionShutdownHook] c.a.n.client.identify.CredentialService  : [null] CredentialService is freed
23:00:01.650-[LAPTOP-N7NFBKIR][sys]-- INFO 12860 --- [ionShutdownHook] com.alibaba.nacos.client.naming          : com.alibaba.nacos.client.naming.net.NamingProxy do shutdown stop
23:00:01.783-[LAPTOP-N7NFBKIR][sys]--DEBUG 12860 --- [ionShutdownHook] c.t.a.gateway.util.JwtSignerHolder       : 销毁加载秘钥线程 AuthFetchJwkThread
