16:25:21.272-[LAPTOP-N7NFBKIR][sys]-- INFO 14624 --- [           main] com.tianji.user.UserApplication          : The following 1 profile is active: "remote"
16:25:22.424-[LAPTOP-N7NFBKIR][sys]-- INFO 14624 --- [           main] .s.d.r.c.RepositoryConfigurationDelegate : Multiple Spring Data modules found, entering strict repository configuration mode
16:25:22.427-[LAPTOP-N7NFBKIR][sys]-- INFO 14624 --- [           main] .s.d.r.c.RepositoryConfigurationDelegate : Bootstrapping Spring Data Redis repositories in DEFAULT mode.
16:25:22.451-[LAPTOP-N7NFBKIR][sys]-- INFO 14624 --- [           main] .s.d.r.c.RepositoryConfigurationDelegate : Finished Spring Data repository scanning in 7 ms. Found 0 Redis repository interfaces.
16:25:22.774-[LAPTOP-N7NFBKIR][sys]-- INFO 14624 --- [           main] o.s.cloud.context.scope.GenericScope     : BeanFactory id=c90bba4e-c4c9-3698-ab95-19bc6c5142c6
16:25:23.072-[LAPTOP-N7NFBKIR][sys]-- INFO 14624 --- [           main] trationDelegate$BeanPostProcessorChecker : Bean 'org.springframework.cloud.commons.config.CommonsConfigAutoConfiguration' of type [org.springframework.cloud.commons.config.CommonsConfigAutoConfiguration] is not eligible for getting processed by all BeanPostProcessors (for example: not eligible for auto-proxying)
16:25:23.077-[LAPTOP-N7NFBKIR][sys]-- INFO 14624 --- [           main] trationDelegate$BeanPostProcessorChecker : Bean 'org.springframework.cloud.client.loadbalancer.LoadBalancerDefaultMappingsProviderAutoConfiguration' of type [org.springframework.cloud.client.loadbalancer.LoadBalancerDefaultMappingsProviderAutoConfiguration] is not eligible for getting processed by all BeanPostProcessors (for example: not eligible for auto-proxying)
16:25:23.078-[LAPTOP-N7NFBKIR][sys]-- INFO 14624 --- [           main] trationDelegate$BeanPostProcessorChecker : Bean 'loadBalancerClientsDefaultsMappingsProvider' of type [org.springframework.cloud.client.loadbalancer.LoadBalancerDefaultMappingsProviderAutoConfiguration$$Lambda$591/0x00000001005a4040] is not eligible for getting processed by all BeanPostProcessors (for example: not eligible for auto-proxying)
16:25:23.080-[LAPTOP-N7NFBKIR][sys]-- INFO 14624 --- [           main] trationDelegate$BeanPostProcessorChecker : Bean 'defaultsBindHandlerAdvisor' of type [org.springframework.cloud.commons.config.DefaultsBindHandlerAdvisor] is not eligible for getting processed by all BeanPostProcessors (for example: not eligible for auto-proxying)
16:25:23.117-[LAPTOP-N7NFBKIR][sys]-- INFO 14624 --- [           main] trationDelegate$BeanPostProcessorChecker : Bean 'spring.cloud.sentinel-com.alibaba.cloud.sentinel.SentinelProperties' of type [com.alibaba.cloud.sentinel.SentinelProperties] is not eligible for getting processed by all BeanPostProcessors (for example: not eligible for auto-proxying)
16:25:23.121-[LAPTOP-N7NFBKIR][sys]-- INFO 14624 --- [           main] trationDelegate$BeanPostProcessorChecker : Bean 'com.alibaba.cloud.sentinel.custom.SentinelAutoConfiguration' of type [com.alibaba.cloud.sentinel.custom.SentinelAutoConfiguration] is not eligible for getting processed by all BeanPostProcessors (for example: not eligible for auto-proxying)
16:25:23.409-[LAPTOP-N7NFBKIR][sys]-- INFO 14624 --- [           main] o.s.b.w.embedded.tomcat.TomcatWebServer  : Tomcat initialized with port(s): 8082 (http)
16:25:23.422-[LAPTOP-N7NFBKIR][sys]-- INFO 14624 --- [           main] o.apache.catalina.core.StandardService   : Starting service [Tomcat]
16:25:23.423-[LAPTOP-N7NFBKIR][sys]-- INFO 14624 --- [           main] org.apache.catalina.core.StandardEngine  : Starting Servlet engine: [Apache Tomcat/9.0.65]
16:25:23.583-[LAPTOP-N7NFBKIR][sys]-- INFO 14624 --- [           main] o.a.c.c.C.[Tomcat].[localhost].[/]       : Initializing Spring embedded WebApplicationContext
16:25:23.583-[LAPTOP-N7NFBKIR][sys]-- INFO 14624 --- [           main] w.s.c.ServletWebServerApplicationContext : Root WebApplicationContext: initialization completed in 2278 ms
16:25:24.914-[LAPTOP-N7NFBKIR][sys]-- INFO 14624 --- [           main] o.s.c.openfeign.FeignClientFactoryBean   : For 'auth-service' URL not provided. Will try picking an instance via load-balancing.
16:25:25.458-[LAPTOP-N7NFBKIR][sys]-- INFO 14624 --- [           main] c.a.c.sentinel.SentinelWebMvcConfigurer  : [Sentinel Starter] register SentinelWebInterceptor with urlPatterns: [/**].
16:25:25.923-[LAPTOP-N7NFBKIR][sys]-- INFO 14624 --- [           main] o.s.c.openfeign.FeignClientFactoryBean   : For 'course-service' URL not provided. Will try picking an instance via load-balancing.
16:25:26.836-[LAPTOP-N7NFBKIR][sys]-- INFO 14624 --- [           main] com.alibaba.nacos.client.naming          : initializer namespace from System Property :null
16:25:26.837-[LAPTOP-N7NFBKIR][sys]-- INFO 14624 --- [           main] com.alibaba.nacos.client.naming          : initializer namespace from System Environment :null
16:25:26.837-[LAPTOP-N7NFBKIR][sys]-- INFO 14624 --- [           main] com.alibaba.nacos.client.naming          : initializer namespace from System Property :null
16:25:26.922-[LAPTOP-N7NFBKIR][sys]-- INFO 14624 --- [           main] o.s.b.w.embedded.tomcat.TomcatWebServer  : Tomcat started on port(s): 8082 (http) with context path ''
16:25:26.926-[LAPTOP-N7NFBKIR][sys]-- INFO 14624 --- [           main] com.alibaba.nacos.client.naming          : [BEAT] adding beat: BeatInfo{port=8082, ip='localhost', weight=1.0, serviceName='DEFAULT_GROUP@@user-service', cluster='DEFAULT', metadata={preserved.register.source=SPRING_CLOUD}, scheduled=false, period=5000, stopped=false} to beat map.
16:25:26.927-[LAPTOP-N7NFBKIR][sys]-- INFO 14624 --- [           main] com.alibaba.nacos.client.naming          : [REGISTER-SERVICE] f923fb34-cb0a-4c06-8fca-ad61ea61a3f0 registering service DEFAULT_GROUP@@user-service with instance: Instance{instanceId='null', ip='localhost', port=8082, weight=1.0, healthy=true, enabled=true, ephemeral=true, clusterName='DEFAULT', serviceName='null', metadata={preserved.register.source=SPRING_CLOUD}}
16:25:26.943-[LAPTOP-N7NFBKIR][sys]-- INFO 14624 --- [           main] c.a.c.n.registry.NacosServiceRegistry    : nacos registry, DEFAULT_GROUP user-service localhost:8082 register finished
16:25:27.467-[LAPTOP-N7NFBKIR][sys]-- INFO 14624 --- [g.push.receiver] com.alibaba.nacos.client.naming          : received push data: {"type":"dom","data":"{\"name\":\"DEFAULT_GROUP@@user-service\",\"clusters\":\"DEFAULT\",\"cacheMillis\":10000,\"hosts\":[{\"instanceId\":\"localhost#8082#DEFAULT#DEFAULT_GROUP@@user-service\",\"ip\":\"localhost\",\"port\":8082,\"weight\":1.0,\"healthy\":true,\"enabled\":true,\"ephemeral\":true,\"clusterName\":\"DEFAULT\",\"serviceName\":\"DEFAULT_GROUP@@user-service\",\"metadata\":{\"preserved.register.source\":\"SPRING_CLOUD\"},\"instanceHeartBeatInterval\":5000,\"instanceHeartBeatTimeOut\":15000,\"ipDeleteTimeout\":30000}],\"lastRefTime\":1709454328034,\"checksum\":\"\",\"allIPs\":false,\"reachProtectionThreshold\":false,\"valid\":true}","lastRefTime":39112830920353} from /192.168.1.37
16:25:27.476-[LAPTOP-N7NFBKIR][sys]-- INFO 14624 --- [g.push.receiver] com.alibaba.nacos.client.naming          : new ips(1) service: DEFAULT_GROUP@@user-service@@DEFAULT -> [{"instanceId":"localhost#8082#DEFAULT#DEFAULT_GROUP@@user-service","ip":"localhost","port":8082,"weight":1.0,"healthy":true,"enabled":true,"ephemeral":true,"clusterName":"DEFAULT","serviceName":"DEFAULT_GROUP@@user-service","metadata":{"preserved.register.source":"SPRING_CLOUD"},"ipDeleteTimeout":30000,"instanceHeartBeatInterval":5000,"instanceHeartBeatTimeOut":15000}]
16:25:27.486-[LAPTOP-N7NFBKIR][sys]-- INFO 14624 --- [g.push.receiver] com.alibaba.nacos.client.naming          : current ips:(1) service: DEFAULT_GROUP@@user-service@@DEFAULT -> [{"instanceId":"localhost#8082#DEFAULT#DEFAULT_GROUP@@user-service","ip":"localhost","port":8082,"weight":1.0,"healthy":true,"enabled":true,"ephemeral":true,"clusterName":"DEFAULT","serviceName":"DEFAULT_GROUP@@user-service","metadata":{"preserved.register.source":"SPRING_CLOUD"},"ipDeleteTimeout":30000,"instanceHeartBeatInterval":5000,"instanceHeartBeatTimeOut":15000}]
16:25:27.499-[LAPTOP-N7NFBKIR][sys]-- INFO 14624 --- [           main] com.tianji.user.UserApplication          : Started UserApplication in 8.36 seconds (JVM running for 9.528)
16:25:27.503-[LAPTOP-N7NFBKIR][sys]-- INFO 14624 --- [           main] c.a.n.client.config.impl.ClientWorker    : [fixed-8.134.236.213_8848-0b28cd9d-6c25-4aeb-8607-80a3c0361484] [subscribe] user-service.yaml+DEFAULT_GROUP+0b28cd9d-6c25-4aeb-8607-80a3c0361484
16:25:27.503-[LAPTOP-N7NFBKIR][sys]-- INFO 14624 --- [           main] c.a.nacos.client.config.impl.CacheData   : [fixed-8.134.236.213_8848-0b28cd9d-6c25-4aeb-8607-80a3c0361484] [add-listener] ok, tenant=0b28cd9d-6c25-4aeb-8607-80a3c0361484, dataId=user-service.yaml, group=DEFAULT_GROUP, cnt=1
16:25:27.503-[LAPTOP-N7NFBKIR][sys]-- INFO 14624 --- [           main] c.a.c.n.refresh.NacosContextRefresher    : listening config: dataId=user-service.yaml, group=DEFAULT_GROUP
16:25:27.504-[LAPTOP-N7NFBKIR][sys]-- INFO 14624 --- [           main] c.a.n.client.config.impl.ClientWorker    : [fixed-8.134.236.213_8848-0b28cd9d-6c25-4aeb-8607-80a3c0361484] [subscribe] user-service+DEFAULT_GROUP+0b28cd9d-6c25-4aeb-8607-80a3c0361484
16:25:27.504-[LAPTOP-N7NFBKIR][sys]-- INFO 14624 --- [           main] c.a.nacos.client.config.impl.CacheData   : [fixed-8.134.236.213_8848-0b28cd9d-6c25-4aeb-8607-80a3c0361484] [add-listener] ok, tenant=0b28cd9d-6c25-4aeb-8607-80a3c0361484, dataId=user-service, group=DEFAULT_GROUP, cnt=1
16:25:27.504-[LAPTOP-N7NFBKIR][sys]-- INFO 14624 --- [           main] c.a.c.n.refresh.NacosContextRefresher    : listening config: dataId=user-service, group=DEFAULT_GROUP
16:25:27.504-[LAPTOP-N7NFBKIR][sys]-- INFO 14624 --- [           main] c.a.n.client.config.impl.ClientWorker    : [fixed-8.134.236.213_8848-0b28cd9d-6c25-4aeb-8607-80a3c0361484] [subscribe] user-service-remote.yaml+DEFAULT_GROUP+0b28cd9d-6c25-4aeb-8607-80a3c0361484
16:25:27.504-[LAPTOP-N7NFBKIR][sys]-- INFO 14624 --- [           main] c.a.nacos.client.config.impl.CacheData   : [fixed-8.134.236.213_8848-0b28cd9d-6c25-4aeb-8607-80a3c0361484] [add-listener] ok, tenant=0b28cd9d-6c25-4aeb-8607-80a3c0361484, dataId=user-service-remote.yaml, group=DEFAULT_GROUP, cnt=1
16:25:27.504-[LAPTOP-N7NFBKIR][sys]-- INFO 14624 --- [           main] c.a.c.n.refresh.NacosContextRefresher    : listening config: dataId=user-service-remote.yaml, group=DEFAULT_GROUP
16:25:27.505-[LAPTOP-N7NFBKIR][sys]-- INFO 14624 --- [           main] com.tianji.user.UserApplication          : --/
---------------------------------------------------------------------------------------
	Application 'user-service' is running! Access URLs:
	Local: 		http://localhost:8082
	External: 	http://192.168.1.36:8082
	Profile(s): 	[remote]
---------------------------------------------------------------------------------------
16:25:32.066-[LAPTOP-N7NFBKIR][sys]-- WARN 14624 --- [      Thread-13] c.a.nacos.common.notify.NotifyCenter     : [NotifyCenter] Start destroying Publisher
16:25:32.066-[LAPTOP-N7NFBKIR][sys]-- WARN 14624 --- [       Thread-1] c.a.n.common.http.HttpClientBeanHolder   : [HttpClientBeanHolder] Start destroying common HttpClient
16:25:32.066-[LAPTOP-N7NFBKIR][sys]-- WARN 14624 --- [      Thread-13] c.a.nacos.common.notify.NotifyCenter     : [NotifyCenter] Destruction of the end
16:25:32.067-[LAPTOP-N7NFBKIR][sys]-- WARN 14624 --- [       Thread-1] c.a.n.common.http.HttpClientBeanHolder   : [HttpClientBeanHolder] Destruction of the end
16:25:32.366-[LAPTOP-N7NFBKIR][sys]-- INFO 14624 --- [ionShutdownHook] c.a.c.n.registry.NacosServiceRegistry    : De-registering from Nacos Server now...
16:25:32.366-[LAPTOP-N7NFBKIR][sys]-- INFO 14624 --- [ionShutdownHook] com.alibaba.nacos.client.naming          : [BEAT] removing beat: DEFAULT_GROUP@@user-service:localhost:8082 from beat map.
16:25:32.367-[LAPTOP-N7NFBKIR][sys]-- INFO 14624 --- [ionShutdownHook] com.alibaba.nacos.client.naming          : [DEREGISTER-SERVICE] f923fb34-cb0a-4c06-8fca-ad61ea61a3f0 deregistering service DEFAULT_GROUP@@user-service with instance: Instance{instanceId='null', ip='localhost', port=8082, weight=1.0, healthy=true, enabled=true, ephemeral=true, clusterName='DEFAULT', serviceName='null', metadata={}}
16:25:32.398-[LAPTOP-N7NFBKIR][sys]-- INFO 14624 --- [ionShutdownHook] c.a.c.n.registry.NacosServiceRegistry    : De-registration finished.
16:25:32.399-[LAPTOP-N7NFBKIR][sys]-- INFO 14624 --- [ionShutdownHook] com.alibaba.nacos.client.naming          : com.alibaba.nacos.client.naming.beat.BeatReactor do shutdown begin
16:25:32.892-[LAPTOP-N7NFBKIR][sys]-- INFO 14624 --- [g.push.receiver] com.alibaba.nacos.client.naming          : received push data: {"type":"dom","data":"{\"name\":\"DEFAULT_GROUP@@user-service\",\"clusters\":\"DEFAULT\",\"cacheMillis\":10000,\"hosts\":[],\"lastRefTime\":1709454333487,\"checksum\":\"\",\"allIPs\":false,\"reachProtectionThreshold\":false,\"valid\":true}","lastRefTime":39118282174535} from /192.168.1.37
16:25:32.893-[LAPTOP-N7NFBKIR][sys]-- INFO 14624 --- [g.push.receiver] com.alibaba.nacos.client.naming          : removed ips(1) service: DEFAULT_GROUP@@user-service@@DEFAULT -> [{"instanceId":"localhost#8082#DEFAULT#DEFAULT_GROUP@@user-service","ip":"localhost","port":8082,"weight":1.0,"healthy":true,"enabled":true,"ephemeral":true,"clusterName":"DEFAULT","serviceName":"DEFAULT_GROUP@@user-service","metadata":{"preserved.register.source":"SPRING_CLOUD"},"ipDeleteTimeout":30000,"instanceHeartBeatInterval":5000,"instanceHeartBeatTimeOut":15000}]
16:25:32.906-[LAPTOP-N7NFBKIR][sys]-- INFO 14624 --- [g.push.receiver] com.alibaba.nacos.client.naming          : current ips:(0) service: DEFAULT_GROUP@@user-service@@DEFAULT -> []
16:25:35.413-[LAPTOP-N7NFBKIR][sys]-- INFO 14624 --- [ionShutdownHook] com.alibaba.nacos.client.naming          : com.alibaba.nacos.client.naming.beat.BeatReactor do shutdown stop
16:25:35.415-[LAPTOP-N7NFBKIR][sys]-- INFO 14624 --- [ionShutdownHook] com.alibaba.nacos.client.naming          : com.alibaba.nacos.client.naming.core.HostReactor do shutdown begin
16:25:37.946-[LAPTOP-N7NFBKIR][sys]-- INFO 14624 --- [ionShutdownHook] com.alibaba.nacos.client.naming          : com.alibaba.nacos.client.naming.core.PushReceiver do shutdown begin
16:25:40.952-[LAPTOP-N7NFBKIR][sys]-- INFO 14624 --- [ionShutdownHook] com.alibaba.nacos.client.naming          : com.alibaba.nacos.client.naming.core.PushReceiver do shutdown stop
16:25:40.953-[LAPTOP-N7NFBKIR][sys]-- INFO 14624 --- [ionShutdownHook] com.alibaba.nacos.client.naming          : com.alibaba.nacos.client.naming.backups.FailoverReactor do shutdown begin
16:25:40.953-[LAPTOP-N7NFBKIR][sys]-- INFO 14624 --- [ionShutdownHook] com.alibaba.nacos.client.naming          : com.alibaba.nacos.client.naming.backups.FailoverReactor do shutdown stop
16:25:40.955-[LAPTOP-N7NFBKIR][sys]-- INFO 14624 --- [ionShutdownHook] com.alibaba.nacos.client.naming          : com.alibaba.nacos.client.naming.core.HostReactor do shutdown stop
16:25:40.955-[LAPTOP-N7NFBKIR][sys]-- INFO 14624 --- [ionShutdownHook] com.alibaba.nacos.client.naming          : com.alibaba.nacos.client.naming.net.NamingProxy do shutdown begin
16:25:40.955-[LAPTOP-N7NFBKIR][sys]-- WARN 14624 --- [ionShutdownHook] com.alibaba.nacos.client.naming          : [NamingHttpClientManager] Start destroying NacosRestTemplate
16:25:40.956-[LAPTOP-N7NFBKIR][sys]-- WARN 14624 --- [ionShutdownHook] com.alibaba.nacos.client.naming          : [NamingHttpClientManager] Destruction of the end
16:25:40.956-[LAPTOP-N7NFBKIR][sys]-- INFO 14624 --- [ionShutdownHook] c.a.n.client.identify.CredentialWatcher  : [null] CredentialWatcher is stopped
16:25:40.956-[LAPTOP-N7NFBKIR][sys]-- INFO 14624 --- [ionShutdownHook] c.a.n.client.identify.CredentialService  : [null] CredentialService is freed
16:25:40.956-[LAPTOP-N7NFBKIR][sys]-- INFO 14624 --- [ionShutdownHook] com.alibaba.nacos.client.naming          : com.alibaba.nacos.client.naming.net.NamingProxy do shutdown stop
16:36:38.664-[LAPTOP-N7NFBKIR][sys]-- INFO 12720 --- [           main] com.tianji.user.UserApplication          : The following 1 profile is active: "remote"
16:36:39.456-[LAPTOP-N7NFBKIR][sys]-- INFO 12720 --- [           main] .s.d.r.c.RepositoryConfigurationDelegate : Multiple Spring Data modules found, entering strict repository configuration mode
16:36:39.459-[LAPTOP-N7NFBKIR][sys]-- INFO 12720 --- [           main] .s.d.r.c.RepositoryConfigurationDelegate : Bootstrapping Spring Data Redis repositories in DEFAULT mode.
16:36:39.484-[LAPTOP-N7NFBKIR][sys]-- INFO 12720 --- [           main] .s.d.r.c.RepositoryConfigurationDelegate : Finished Spring Data repository scanning in 8 ms. Found 0 Redis repository interfaces.
16:36:39.760-[LAPTOP-N7NFBKIR][sys]-- INFO 12720 --- [           main] o.s.cloud.context.scope.GenericScope     : BeanFactory id=c90bba4e-c4c9-3698-ab95-19bc6c5142c6
16:36:40.071-[LAPTOP-N7NFBKIR][sys]-- INFO 12720 --- [           main] trationDelegate$BeanPostProcessorChecker : Bean 'org.springframework.cloud.commons.config.CommonsConfigAutoConfiguration' of type [org.springframework.cloud.commons.config.CommonsConfigAutoConfiguration] is not eligible for getting processed by all BeanPostProcessors (for example: not eligible for auto-proxying)
16:36:40.075-[LAPTOP-N7NFBKIR][sys]-- INFO 12720 --- [           main] trationDelegate$BeanPostProcessorChecker : Bean 'org.springframework.cloud.client.loadbalancer.LoadBalancerDefaultMappingsProviderAutoConfiguration' of type [org.springframework.cloud.client.loadbalancer.LoadBalancerDefaultMappingsProviderAutoConfiguration] is not eligible for getting processed by all BeanPostProcessors (for example: not eligible for auto-proxying)
16:36:40.077-[LAPTOP-N7NFBKIR][sys]-- INFO 12720 --- [           main] trationDelegate$BeanPostProcessorChecker : Bean 'loadBalancerClientsDefaultsMappingsProvider' of type [org.springframework.cloud.client.loadbalancer.LoadBalancerDefaultMappingsProviderAutoConfiguration$$Lambda$591/0x00000001005a4840] is not eligible for getting processed by all BeanPostProcessors (for example: not eligible for auto-proxying)
16:36:40.080-[LAPTOP-N7NFBKIR][sys]-- INFO 12720 --- [           main] trationDelegate$BeanPostProcessorChecker : Bean 'defaultsBindHandlerAdvisor' of type [org.springframework.cloud.commons.config.DefaultsBindHandlerAdvisor] is not eligible for getting processed by all BeanPostProcessors (for example: not eligible for auto-proxying)
16:36:40.116-[LAPTOP-N7NFBKIR][sys]-- INFO 12720 --- [           main] trationDelegate$BeanPostProcessorChecker : Bean 'spring.cloud.sentinel-com.alibaba.cloud.sentinel.SentinelProperties' of type [com.alibaba.cloud.sentinel.SentinelProperties] is not eligible for getting processed by all BeanPostProcessors (for example: not eligible for auto-proxying)
16:36:40.120-[LAPTOP-N7NFBKIR][sys]-- INFO 12720 --- [           main] trationDelegate$BeanPostProcessorChecker : Bean 'com.alibaba.cloud.sentinel.custom.SentinelAutoConfiguration' of type [com.alibaba.cloud.sentinel.custom.SentinelAutoConfiguration] is not eligible for getting processed by all BeanPostProcessors (for example: not eligible for auto-proxying)
16:36:40.410-[LAPTOP-N7NFBKIR][sys]-- INFO 12720 --- [           main] o.s.b.w.embedded.tomcat.TomcatWebServer  : Tomcat initialized with port(s): 8082 (http)
16:36:40.421-[LAPTOP-N7NFBKIR][sys]-- INFO 12720 --- [           main] o.apache.catalina.core.StandardService   : Starting service [Tomcat]
16:36:40.421-[LAPTOP-N7NFBKIR][sys]-- INFO 12720 --- [           main] org.apache.catalina.core.StandardEngine  : Starting Servlet engine: [Apache Tomcat/9.0.65]
16:36:40.549-[LAPTOP-N7NFBKIR][sys]-- INFO 12720 --- [           main] o.a.c.c.C.[Tomcat].[localhost].[/]       : Initializing Spring embedded WebApplicationContext
16:36:40.550-[LAPTOP-N7NFBKIR][sys]-- INFO 12720 --- [           main] w.s.c.ServletWebServerApplicationContext : Root WebApplicationContext: initialization completed in 1871 ms
16:36:41.955-[LAPTOP-N7NFBKIR][sys]-- INFO 12720 --- [           main] o.s.c.openfeign.FeignClientFactoryBean   : For 'auth-service' URL not provided. Will try picking an instance via load-balancing.
16:36:42.462-[LAPTOP-N7NFBKIR][sys]-- INFO 12720 --- [           main] c.a.c.sentinel.SentinelWebMvcConfigurer  : [Sentinel Starter] register SentinelWebInterceptor with urlPatterns: [/**].
16:36:42.916-[LAPTOP-N7NFBKIR][sys]-- INFO 12720 --- [           main] o.s.c.openfeign.FeignClientFactoryBean   : For 'course-service' URL not provided. Will try picking an instance via load-balancing.
16:36:43.937-[LAPTOP-N7NFBKIR][sys]-- INFO 12720 --- [           main] com.alibaba.nacos.client.naming          : initializer namespace from System Property :null
16:36:43.937-[LAPTOP-N7NFBKIR][sys]-- INFO 12720 --- [           main] com.alibaba.nacos.client.naming          : initializer namespace from System Environment :null
16:36:43.937-[LAPTOP-N7NFBKIR][sys]-- INFO 12720 --- [           main] com.alibaba.nacos.client.naming          : initializer namespace from System Property :null
16:36:44.022-[LAPTOP-N7NFBKIR][sys]-- INFO 12720 --- [           main] o.s.b.w.embedded.tomcat.TomcatWebServer  : Tomcat started on port(s): 8082 (http) with context path ''
16:36:44.025-[LAPTOP-N7NFBKIR][sys]-- INFO 12720 --- [           main] com.alibaba.nacos.client.naming          : [BEAT] adding beat: BeatInfo{port=8082, ip='localhost', weight=1.0, serviceName='DEFAULT_GROUP@@user-service', cluster='DEFAULT', metadata={preserved.register.source=SPRING_CLOUD}, scheduled=false, period=5000, stopped=false} to beat map.
16:36:44.027-[LAPTOP-N7NFBKIR][sys]-- INFO 12720 --- [           main] com.alibaba.nacos.client.naming          : [REGISTER-SERVICE] f923fb34-cb0a-4c06-8fca-ad61ea61a3f0 registering service DEFAULT_GROUP@@user-service with instance: Instance{instanceId='null', ip='localhost', port=8082, weight=1.0, healthy=true, enabled=true, ephemeral=true, clusterName='DEFAULT', serviceName='null', metadata={preserved.register.source=SPRING_CLOUD}}
16:36:44.044-[LAPTOP-N7NFBKIR][sys]-- INFO 12720 --- [           main] c.a.c.n.registry.NacosServiceRegistry    : nacos registry, DEFAULT_GROUP user-service localhost:8082 register finished
16:36:44.505-[LAPTOP-N7NFBKIR][sys]-- INFO 12720 --- [g.push.receiver] com.alibaba.nacos.client.naming          : received push data: {"type":"dom","data":"{\"name\":\"DEFAULT_GROUP@@user-service\",\"clusters\":\"DEFAULT\",\"cacheMillis\":10000,\"hosts\":[{\"instanceId\":\"localhost#8082#DEFAULT#DEFAULT_GROUP@@user-service\",\"ip\":\"localhost\",\"port\":8082,\"weight\":1.0,\"healthy\":true,\"enabled\":true,\"ephemeral\":true,\"clusterName\":\"DEFAULT\",\"serviceName\":\"DEFAULT_GROUP@@user-service\",\"metadata\":{\"preserved.register.source\":\"SPRING_CLOUD\"},\"instanceHeartBeatInterval\":5000,\"instanceHeartBeatTimeOut\":15000,\"ipDeleteTimeout\":30000}],\"lastRefTime\":1709455005110,\"checksum\":\"\",\"allIPs\":false,\"reachProtectionThreshold\":false,\"valid\":true}","lastRefTime":39789905063213} from /192.168.1.37
16:36:44.515-[LAPTOP-N7NFBKIR][sys]-- INFO 12720 --- [g.push.receiver] com.alibaba.nacos.client.naming          : new ips(1) service: DEFAULT_GROUP@@user-service@@DEFAULT -> [{"instanceId":"localhost#8082#DEFAULT#DEFAULT_GROUP@@user-service","ip":"localhost","port":8082,"weight":1.0,"healthy":true,"enabled":true,"ephemeral":true,"clusterName":"DEFAULT","serviceName":"DEFAULT_GROUP@@user-service","metadata":{"preserved.register.source":"SPRING_CLOUD"},"instanceHeartBeatTimeOut":15000,"instanceHeartBeatInterval":5000,"ipDeleteTimeout":30000}]
16:36:44.528-[LAPTOP-N7NFBKIR][sys]-- INFO 12720 --- [g.push.receiver] com.alibaba.nacos.client.naming          : current ips:(1) service: DEFAULT_GROUP@@user-service@@DEFAULT -> [{"instanceId":"localhost#8082#DEFAULT#DEFAULT_GROUP@@user-service","ip":"localhost","port":8082,"weight":1.0,"healthy":true,"enabled":true,"ephemeral":true,"clusterName":"DEFAULT","serviceName":"DEFAULT_GROUP@@user-service","metadata":{"preserved.register.source":"SPRING_CLOUD"},"instanceHeartBeatTimeOut":15000,"instanceHeartBeatInterval":5000,"ipDeleteTimeout":30000}]
16:36:44.573-[LAPTOP-N7NFBKIR][sys]-- INFO 12720 --- [           main] com.tianji.user.UserApplication          : Started UserApplication in 7.826 seconds (JVM running for 8.669)
16:36:44.575-[LAPTOP-N7NFBKIR][sys]-- INFO 12720 --- [           main] c.a.n.client.config.impl.ClientWorker    : [fixed-8.134.236.213_8848-0b28cd9d-6c25-4aeb-8607-80a3c0361484] [subscribe] user-service.yaml+DEFAULT_GROUP+0b28cd9d-6c25-4aeb-8607-80a3c0361484
16:36:44.576-[LAPTOP-N7NFBKIR][sys]-- INFO 12720 --- [           main] c.a.nacos.client.config.impl.CacheData   : [fixed-8.134.236.213_8848-0b28cd9d-6c25-4aeb-8607-80a3c0361484] [add-listener] ok, tenant=0b28cd9d-6c25-4aeb-8607-80a3c0361484, dataId=user-service.yaml, group=DEFAULT_GROUP, cnt=1
16:36:44.576-[LAPTOP-N7NFBKIR][sys]-- INFO 12720 --- [           main] c.a.c.n.refresh.NacosContextRefresher    : listening config: dataId=user-service.yaml, group=DEFAULT_GROUP
16:36:44.576-[LAPTOP-N7NFBKIR][sys]-- INFO 12720 --- [           main] c.a.n.client.config.impl.ClientWorker    : [fixed-8.134.236.213_8848-0b28cd9d-6c25-4aeb-8607-80a3c0361484] [subscribe] user-service+DEFAULT_GROUP+0b28cd9d-6c25-4aeb-8607-80a3c0361484
16:36:44.576-[LAPTOP-N7NFBKIR][sys]-- INFO 12720 --- [           main] c.a.nacos.client.config.impl.CacheData   : [fixed-8.134.236.213_8848-0b28cd9d-6c25-4aeb-8607-80a3c0361484] [add-listener] ok, tenant=0b28cd9d-6c25-4aeb-8607-80a3c0361484, dataId=user-service, group=DEFAULT_GROUP, cnt=1
16:36:44.577-[LAPTOP-N7NFBKIR][sys]-- INFO 12720 --- [           main] c.a.c.n.refresh.NacosContextRefresher    : listening config: dataId=user-service, group=DEFAULT_GROUP
16:36:44.577-[LAPTOP-N7NFBKIR][sys]-- INFO 12720 --- [           main] c.a.n.client.config.impl.ClientWorker    : [fixed-8.134.236.213_8848-0b28cd9d-6c25-4aeb-8607-80a3c0361484] [subscribe] user-service-remote.yaml+DEFAULT_GROUP+0b28cd9d-6c25-4aeb-8607-80a3c0361484
16:36:44.577-[LAPTOP-N7NFBKIR][sys]-- INFO 12720 --- [           main] c.a.nacos.client.config.impl.CacheData   : [fixed-8.134.236.213_8848-0b28cd9d-6c25-4aeb-8607-80a3c0361484] [add-listener] ok, tenant=0b28cd9d-6c25-4aeb-8607-80a3c0361484, dataId=user-service-remote.yaml, group=DEFAULT_GROUP, cnt=1
16:36:44.577-[LAPTOP-N7NFBKIR][sys]-- INFO 12720 --- [           main] c.a.c.n.refresh.NacosContextRefresher    : listening config: dataId=user-service-remote.yaml, group=DEFAULT_GROUP
16:36:44.578-[LAPTOP-N7NFBKIR][sys]-- INFO 12720 --- [           main] com.tianji.user.UserApplication          : --/
---------------------------------------------------------------------------------------
	Application 'user-service' is running! Access URLs:
	Local: 		http://localhost:8082
	External: 	http://192.168.1.36:8082
	Profile(s): 	[remote]
---------------------------------------------------------------------------------------
16:42:41.784-[LAPTOP-N7NFBKIR][sys]-- WARN 12720 --- [      Thread-13] c.a.nacos.common.notify.NotifyCenter     : [NotifyCenter] Start destroying Publisher
16:42:41.784-[LAPTOP-N7NFBKIR][sys]-- WARN 12720 --- [       Thread-1] c.a.n.common.http.HttpClientBeanHolder   : [HttpClientBeanHolder] Start destroying common HttpClient
16:42:41.785-[LAPTOP-N7NFBKIR][sys]-- WARN 12720 --- [      Thread-13] c.a.nacos.common.notify.NotifyCenter     : [NotifyCenter] Destruction of the end
16:42:41.785-[LAPTOP-N7NFBKIR][sys]-- WARN 12720 --- [       Thread-1] c.a.n.common.http.HttpClientBeanHolder   : [HttpClientBeanHolder] Destruction of the end
16:42:42.005-[LAPTOP-N7NFBKIR][sys]-- INFO 12720 --- [ionShutdownHook] c.a.c.n.registry.NacosServiceRegistry    : De-registering from Nacos Server now...
16:42:42.006-[LAPTOP-N7NFBKIR][sys]-- INFO 12720 --- [ionShutdownHook] com.alibaba.nacos.client.naming          : [BEAT] removing beat: DEFAULT_GROUP@@user-service:localhost:8082 from beat map.
16:42:42.006-[LAPTOP-N7NFBKIR][sys]-- INFO 12720 --- [ionShutdownHook] com.alibaba.nacos.client.naming          : [DEREGISTER-SERVICE] f923fb34-cb0a-4c06-8fca-ad61ea61a3f0 deregistering service DEFAULT_GROUP@@user-service with instance: Instance{instanceId='null', ip='localhost', port=8082, weight=1.0, healthy=true, enabled=true, ephemeral=true, clusterName='DEFAULT', serviceName='null', metadata={}}
16:42:42.022-[LAPTOP-N7NFBKIR][sys]-- INFO 12720 --- [ionShutdownHook] c.a.c.n.registry.NacosServiceRegistry    : De-registration finished.
16:42:42.022-[LAPTOP-N7NFBKIR][sys]-- INFO 12720 --- [ionShutdownHook] com.alibaba.nacos.client.naming          : com.alibaba.nacos.client.naming.beat.BeatReactor do shutdown begin
16:42:42.541-[LAPTOP-N7NFBKIR][sys]-- INFO 12720 --- [g.push.receiver] com.alibaba.nacos.client.naming          : received push data: {"type":"dom","data":"{\"name\":\"DEFAULT_GROUP@@user-service\",\"clusters\":\"DEFAULT\",\"cacheMillis\":10000,\"hosts\":[],\"lastRefTime\":1709455363617,\"checksum\":\"\",\"allIPs\":false,\"reachProtectionThreshold\":false,\"valid\":true}","lastRefTime":40148411505726} from /192.168.1.37
16:42:42.544-[LAPTOP-N7NFBKIR][sys]-- INFO 12720 --- [g.push.receiver] com.alibaba.nacos.client.naming          : removed ips(1) service: DEFAULT_GROUP@@user-service@@DEFAULT -> [{"instanceId":"localhost#8082#DEFAULT#DEFAULT_GROUP@@user-service","ip":"localhost","port":8082,"weight":1.0,"healthy":true,"enabled":true,"ephemeral":true,"clusterName":"DEFAULT","serviceName":"DEFAULT_GROUP@@user-service","metadata":{"preserved.register.source":"SPRING_CLOUD"},"instanceHeartBeatTimeOut":15000,"instanceHeartBeatInterval":5000,"ipDeleteTimeout":30000}]
16:42:42.560-[LAPTOP-N7NFBKIR][sys]-- INFO 12720 --- [g.push.receiver] com.alibaba.nacos.client.naming          : current ips:(0) service: DEFAULT_GROUP@@user-service@@DEFAULT -> []
16:42:45.043-[LAPTOP-N7NFBKIR][sys]-- INFO 12720 --- [ionShutdownHook] com.alibaba.nacos.client.naming          : com.alibaba.nacos.client.naming.beat.BeatReactor do shutdown stop
16:42:45.044-[LAPTOP-N7NFBKIR][sys]-- INFO 12720 --- [ionShutdownHook] com.alibaba.nacos.client.naming          : com.alibaba.nacos.client.naming.core.HostReactor do shutdown begin
16:42:45.964-[LAPTOP-N7NFBKIR][sys]-- INFO 12720 --- [ionShutdownHook] com.alibaba.nacos.client.naming          : com.alibaba.nacos.client.naming.core.PushReceiver do shutdown begin
16:42:48.975-[LAPTOP-N7NFBKIR][sys]-- INFO 12720 --- [ionShutdownHook] com.alibaba.nacos.client.naming          : com.alibaba.nacos.client.naming.core.PushReceiver do shutdown stop
16:42:48.976-[LAPTOP-N7NFBKIR][sys]-- INFO 12720 --- [ionShutdownHook] com.alibaba.nacos.client.naming          : com.alibaba.nacos.client.naming.backups.FailoverReactor do shutdown begin
16:42:48.976-[LAPTOP-N7NFBKIR][sys]-- INFO 12720 --- [ionShutdownHook] com.alibaba.nacos.client.naming          : com.alibaba.nacos.client.naming.backups.FailoverReactor do shutdown stop
16:42:48.976-[LAPTOP-N7NFBKIR][sys]-- INFO 12720 --- [ionShutdownHook] com.alibaba.nacos.client.naming          : com.alibaba.nacos.client.naming.core.HostReactor do shutdown stop
16:42:48.977-[LAPTOP-N7NFBKIR][sys]-- INFO 12720 --- [ionShutdownHook] com.alibaba.nacos.client.naming          : com.alibaba.nacos.client.naming.net.NamingProxy do shutdown begin
16:42:48.977-[LAPTOP-N7NFBKIR][sys]-- WARN 12720 --- [ionShutdownHook] com.alibaba.nacos.client.naming          : [NamingHttpClientManager] Start destroying NacosRestTemplate
16:42:48.977-[LAPTOP-N7NFBKIR][sys]-- WARN 12720 --- [ionShutdownHook] com.alibaba.nacos.client.naming          : [NamingHttpClientManager] Destruction of the end
16:42:48.978-[LAPTOP-N7NFBKIR][sys]-- INFO 12720 --- [ionShutdownHook] c.a.n.client.identify.CredentialWatcher  : [null] CredentialWatcher is stopped
16:42:48.978-[LAPTOP-N7NFBKIR][sys]-- INFO 12720 --- [ionShutdownHook] c.a.n.client.identify.CredentialService  : [null] CredentialService is freed
16:42:48.979-[LAPTOP-N7NFBKIR][sys]-- INFO 12720 --- [ionShutdownHook] com.alibaba.nacos.client.naming          : com.alibaba.nacos.client.naming.net.NamingProxy do shutdown stop
